#
# A fatal error has been detected by the Java Runtime Environment:
#
#  SIGSEGV (0xb) at pc=0x00007ff8181a2769, pid=28271, tid=0x0000000000000103
#
# JRE version: OpenJDK Runtime Environment (8.0_382-b05) (build 1.8.0_382-b05)
# Java VM: OpenJDK 64-Bit Server VM (25.382-b05 mixed mode bsd-amd64 compressed oops)
# Problematic frame:
# C  [libobjc.A.dylib+0x6769]  objc_msgSend+0x29
#
# Failed to write core dump. Core dumps have been disabled. To enable core dumping, try "ulimit -c unlimited" before starting Java again
#
# If you would like to submit a bug report, please visit:
#   https://github.com/adoptium/adoptium-support/issues
# The crash happened outside the Java Virtual Machine in native code.
# See problematic frame for where to report the bug.
#

---------------  T H R E A D  ---------------

Current thread (0x00007fa3611c2000):  JavaThread "AppKit Thread" daemon [_thread_in_native, id=259, stack(0x00000003097ed000,0x0000000309fed000)]

siginfo: si_signo: 11 (SIGSEGV), si_code: 1 (SEGV_MAPERR), si_addr: 0x00007ff977fdab58

Registers:
RAX=0x00002b35bfeb4f2e, RBX=0x00007ff8181a2740, RCX=0x0000000080000000, RDX=0x0000000000002b35
RSP=0x0000000309fe5df8, RBP=0x0000000309fe6180, RSI=0x00007ff837e0d9bb, RDI=0x00007fa3b8091130
R8 =0x000000000000015e, R9 =0x0000000000000002, R10=0x000000012f5a0018, R11=0x00007ff977fdab58
R12=0x0000000000000000, R13=0x00006000005bd180, R14=0x0000600000f2c0c0, R15=0x00007ff8181a2740
RIP=0x00007ff8181a2769, EFLAGS=0x0000000000000247, ERR=0x0000000000000004
  TRAPNO=0x000000000000000e

Top of Stack: (sp=0x0000000309fe5df8)
0x0000000309fe5df8:   00007ff81bcb9650 0000000000000000
0x0000000309fe5e08:   0000000000000000 4094500000000000
0x0000000309fe5e18:   403c000000000000 ffffffffffffffff
0x0000000309fe5e28:   0000000309fe60d0 00007ff8188e2b78
0x0000000309fe5e38:   0000000000000000 0000000000000000
0x0000000309fe5e48:   0000000000000000 0000000000000000
0x0000000309fe5e58:   0000000000000000 0000000309fe5eb0
0x0000000309fe5e68:   0000000309fe5f70 0100000309fe5ed0
0x0000000309fe5e78:   00007ff85bc132a0 00000000c2000000
0x0000000309fe5e88:   00007ff81872da1b 00007ff85b3a7cd0
0x0000000309fe5e98:   0000600000f581e0 0000000309fe5ef0
0x0000000309fe5ea8:   0000000309fe5ed0 00006000025588a0
0x0000000309fe5eb8:   00006000025588a0 0000000000000000
0x0000000309fe5ec8:   0000000000000000 4094500000000000
0x0000000309fe5ed8:   403c000000000000 0000002020000000
0x0000000309fe5ee8:   00007ff837d81a78 00007ff837c669a4
0x0000000309fe5ef8:   00007ff837e0064d 00007ff837e0657c
0x0000000309fe5f08:   00007ff837dae4f9 00007ff85bc132a0
0x0000000309fe5f18:   00000000c2000000 00007ff81bcbee6e
0x0000000309fe5f28:   00007ff8583bb400 0000600002b23320
0x0000000309fe5f38:   0000000000000000 0000000000000000
0x0000000309fe5f48:   00007fa3b8091430 4031200000000000
0x0000000309fe5f58:   4031010000000000 4031200000000000
0x0000000309fe5f68:   4080280800000000 00007fa3b8093aa0
0x0000000309fe5f78:   0000000001000100 00007fa3b8091430
0x0000000309fe5f88:   0000000000000000 00007ff837c69a47
0x0000000309fe5f98:   0000600002b23320 0000600001e7b540
0x0000000309fe5fa8:   00007ff837e0d9bb 00007ff837c6a9b6
0x0000000309fe5fb8:   0000600002b22da0 00007ff837db5f9b
0x0000000309fe5fc8:   0000000000000001 00007fa3b8091130
0x0000000309fe5fd8:   0000000058412078 40e732bb4cd86c24
0x0000000309fe5fe8:   00007ff837d53658 4080280800000000 

Instructions: (pc=0x00007ff8181a2769)
0x00007ff8181a2749:   01 2e 75 76 49 ba f8 ff ff ff ff 7f 00 00 4c 23
0x00007ff8181a2759:   17 49 89 f3 45 23 5a 18 49 c1 e3 04 4d 03 5a 10
0x00007ff8181a2769:   49 3b 33 75 0a 4d 8b 5b 08 4d 31 d3 41 ff e3 49
0x00007ff8181a2779:   83 3b 01 76 13 49 83 c3 10 49 3b 33 75 f1 4d 8b 

Register to memory mapping:

RAX=0x00002b35bfeb4f2e is an unknown value
RBX=0x00007ff8181a2740: objc_msgSend+0 in /usr/lib/libobjc.A.dylib at 0x00007ff81819c000
RCX=0x0000000080000000 is an unknown value
RDX=0x0000000000002b35 is an unknown value
RSP=0x0000000309fe5df8 is pointing into the stack for thread: 0x00007fa3611c2000
RBP=0x0000000309fe6180 is pointing into the stack for thread: 0x00007fa3611c2000
RSI=0x00007ff837e0d9bb is an unknown value
RDI=0x00007fa3b8091130 is an unknown value
R8 =0x000000000000015e is an unknown value
R9 =0x0000000000000002 is an unknown value
R10=0x000000012f5a0018: <offset 0x3d018> in /private/var/folders/hy/n4z7mhws1cx4245h2rg8whzr0000gn/T/libgdxmicaaguero/f7649394/liblwjgl.dylib at 0x000000012f563000
R11=0x00007ff977fdab58 is an unknown value
R12=0x0000000000000000 is an unknown value
R13=0x00006000005bd180 is an unknown value
R14=0x0000600000f2c0c0 is an unknown value
R15=0x00007ff8181a2740: objc_msgSend+0 in /usr/lib/libobjc.A.dylib at 0x00007ff81819c000


Stack: [0x00000003097ed000,0x0000000309fed000],  sp=0x0000000309fe5df8,  free space=8163k
Native frames: (J=compiled Java code, j=interpreted, Vv=VM code, C=native code)
C  [libobjc.A.dylib+0x6769]  objc_msgSend+0x29
C  [AppKit+0x6e619e]  __58-[_NSTrackingAreaAKManager _activeTrackingAreasNeedUpdate]_block_invoke+0x138
C  [AppKit+0x6f0b07]  ___NSMainRunLoopPerformBlockInModes_block_invoke+0x19
C  [CoreFoundation+0x7c54e]  __CFRUNLOOP_IS_CALLING_OUT_TO_A_BLOCK__+0xc
C  [CoreFoundation+0x7c48b]  __CFRunLoopDoBlocks+0x18c
C  [CoreFoundation+0x7b31f]  __CFRunLoopRun+0x3a9
C  [CoreFoundation+0x7a91c]  CFRunLoopRunSpecific+0x230
C  [HIToolbox+0x2ef3d]  RunCurrentEventLoopInMode+0x124
C  [HIToolbox+0x2ed4e]  ReceiveNextEventCommon+0x291
C  [HIToolbox+0x2eaa8]  _BlockUntilNextEventMatchingListInModeWithFilter+0x40
C  [AppKit+0x3e25c]  _DPSNextEvent+0x35a
C  [AppKit+0x3d106]  -[NSApplication(NSEvent) _nextEventMatchingEventMask:untilDate:inMode:dequeue:]+0x4be
C  [libosxapp.dylib+0x2cbd]  -[NSApplicationAWT nextEventMatchingMask:untilDate:inMode:dequeue:]+0x79
C  [AppKit+0x2f788]  -[NSApplication run]+0x24a
C  [libosxapp.dylib+0x2b02]  +[NSApplicationAWT runAWTLoopWithApp:]+0xde
C  [libawt_lwawt.dylib+0x440b8]  -[AWTStarter starter:]+0x365
C  [Foundation+0x7f773]  __NSThreadPerformPerform+0xb1
C  [CoreFoundation+0x7c906]  __CFRUNLOOP_IS_CALLING_OUT_TO_A_SOURCE0_PERFORM_FUNCTION__+0x11
C  [CoreFoundation+0x7c8a9]  __CFRunLoopDoSource0+0x9d
C  [CoreFoundation+0x7c686]  __CFRunLoopDoSources0+0xd9
C  [CoreFoundation+0x7b30a]  __CFRunLoopRun+0x394
C  [CoreFoundation+0x7a91c]  CFRunLoopRunSpecific+0x230
C  [java+0x4e54]  CreateExecutionEnvironment+0x376
C  [java+0x13a3]  JLI_Launch+0x7a3
C  [java+0x777a]  main+0x4c
C  0x0000000202f8f41f
C  0x0000000000000000


---------------  P R O C E S S  ---------------

Java Threads: ( => current thread )
  0x00007fa3b9a63000 JavaThread "AWT-Shutdown" [_thread_blocked, id=116423, stack(0x000000030b84b000,0x000000030b94b000)]
  0x00007fa3b7cd0000 JavaThread "LWJGL Application" [_thread_in_native, id=92479, stack(0x000000030bcf8000,0x000000030bdf8000)]
=>0x00007fa3611c2000 JavaThread "AppKit Thread" daemon [_thread_in_native, id=259, stack(0x00000003097ed000,0x0000000309fed000)]
  0x00007fa3b8a5d800 JavaThread "com.google.inject.internal.util.$Finalizer" daemon [_thread_blocked, id=25123, stack(0x000000030b6bf000,0x000000030b7bf000)]
  0x00007fa3b8a51800 JavaThread "EMF Reference Cleaner" daemon [_thread_blocked, id=29127, stack(0x000000030b5bc000,0x000000030b6bc000)]
  0x00007fa3b8809800 JavaThread "Service Thread" daemon [_thread_blocked, id=23047, stack(0x000000030b3b6000,0x000000030b4b6000)]
  0x00007fa3b7827800 JavaThread "C1 CompilerThread3" daemon [_thread_blocked, id=30467, stack(0x000000030b2b3000,0x000000030b3b3000)]
  0x00007fa3b781e800 JavaThread "C2 CompilerThread2" daemon [_thread_blocked, id=30979, stack(0x000000030b1b0000,0x000000030b2b0000)]
  0x00007fa3b981b800 JavaThread "C2 CompilerThread1" daemon [_thread_blocked, id=31491, stack(0x000000030b0ad000,0x000000030b1ad000)]
  0x00007fa3b981a000 JavaThread "C2 CompilerThread0" daemon [_thread_blocked, id=32003, stack(0x000000030afaa000,0x000000030b0aa000)]
  0x00007fa3b980f800 JavaThread "Signal Dispatcher" daemon [_thread_blocked, id=32515, stack(0x000000030aea7000,0x000000030afa7000)]
  0x00007fa3b780c000 JavaThread "Finalizer" daemon [_thread_blocked, id=17947, stack(0x000000030ac95000,0x000000030ad95000)]
  0x00007fa3b9025800 JavaThread "Reference Handler" daemon [_thread_blocked, id=21283, stack(0x000000030ab92000,0x000000030ac92000)]
  0x00007fa3b9012000 JavaThread "main" [_thread_blocked, id=9731, stack(0x000000030a071000,0x000000030a171000)]

Other Threads:
  0x00007fa3ba04a800 VMThread [stack: 0x000000030aa8f000,0x000000030ab8f000] [id=17155]
  0x00007fa3b7809000 WatcherThread [stack: 0x000000030b4b9000,0x000000030b5b9000] [id=23555]

VM state:not at safepoint (normal execution)

VM Mutex/Monitor currently owned by a thread: None

heap address: 0x00000006c0000000, size: 4096 MB, Compressed Oops mode: Zero based, Oop shift amount: 3
Narrow klass base: 0x0000000000000000, Narrow klass shift: 3
Compressed class space size: 1073741824 Address: 0x00000007c0000000

Heap:
 PSYoungGen      total 225280K, used 52828K [0x000000076ab00000, 0x000000077b900000, 0x00000007c0000000)
  eden space 221696K, 22% used [0x000000076ab00000,0x000000076db6eed0,0x0000000778380000)
  from space 3584K, 90% used [0x000000077b580000,0x000000077b8a81c0,0x000000077b900000)
  to   space 10752K, 0% used [0x000000077a400000,0x000000077a400000,0x000000077ae80000)
 ParOldGen       total 108544K, used 17515K [0x00000006c0000000, 0x00000006c6a00000, 0x000000076ab00000)
  object space 108544K, 16% used [0x00000006c0000000,0x00000006c111ace0,0x00000006c6a00000)
 Metaspace       used 25143K, capacity 25473K, committed 25728K, reserved 1071104K
  class space    used 2985K, capacity 3081K, committed 3200K, reserved 1048576K

Card table byte_map: [0x000000010ba80000,0x000000010c281000] byte_map_base: 0x0000000108480000

Marking Bits: (ParMarkBitMap*) 0x000000010cabd0d8
 Begin Bits: [0x000000011d76a000, 0x000000012176a000)
 End Bits:   [0x000000012176a000, 0x000000012576a000)

Polling page: 0x000000010b5ae000

CodeCache: size=245760Kb used=14844Kb max_used=15266Kb free=230915Kb
 bounds [0x000000010e214000, 0x000000010f144000, 0x000000011d214000]
 total_blobs=4804 nmethods=4224 adapters=492
 compilation: enabled

Compilation events (10 events):
Event: 7.302 Thread 0x00007fa3b981a000 4459       4       java.lang.String::codePointAt (36 bytes)
Event: 7.302 Thread 0x00007fa3b981a000 nmethod 4459 0x000000010e357b50 code [0x000000010e357ca0, 0x000000010e357d98]
Event: 7.303 Thread 0x00007fa3b781e800 4460       4       java.lang.Class::privateGetDeclaredConstructors (85 bytes)
Event: 7.307 Thread 0x00007fa3b981b800 4461       4       java.util.AbstractCollection::toArray (147 bytes)
Event: 7.308 Thread 0x00007fa3b781e800 nmethod 4460 0x000000010e442b90 code [0x000000010e442d40, 0x000000010e443448]
Event: 7.309 Thread 0x00007fa3b981b800 nmethod 4461 0x000000010e396ad0 code [0x000000010e396c40, 0x000000010e396f58]
Event: 7.352 Thread 0x00007fa3b981a000 4462       4       java.lang.reflect.Constructor::copy (72 bytes)
Event: 7.354 Thread 0x00007fa3b981a000 nmethod 4462 0x000000010e3a2bd0 code [0x000000010e3a2d20, 0x000000010e3a2eb8]
Event: 7.380 Thread 0x00007fa3b781e800 4463       4       java.nio.DirectByteBuffer::put (18 bytes)
Event: 7.381 Thread 0x00007fa3b781e800 nmethod 4463 0x000000010e34c210 code [0x000000010e34c360, 0x000000010e34c418]

GC Heap History (10 events):
Event: 0.882 GC heap before
{Heap before GC invocations=1 (full 0):
 PSYoungGen      total 76288K, used 65536K [0x000000076ab00000, 0x0000000770000000, 0x00000007c0000000)
  eden space 65536K, 100% used [0x000000076ab00000,0x000000076eb00000,0x000000076eb00000)
  from space 10752K, 0% used [0x000000076f580000,0x000000076f580000,0x0000000770000000)
  to   space 10752K, 0% used [0x000000076eb00000,0x000000076eb00000,0x000000076f580000)
 ParOldGen       total 175104K, used 0K [0x00000006c0000000, 0x00000006cab00000, 0x000000076ab00000)
  object space 175104K, 0% used [0x00000006c0000000,0x00000006c0000000,0x00000006cab00000)
 Metaspace       used 10218K, capacity 10396K, committed 10624K, reserved 1058816K
  class space    used 1216K, capacity 1288K, committed 1408K, reserved 1048576K
Event: 0.899 GC heap after
Heap after GC invocations=1 (full 0):
 PSYoungGen      total 76288K, used 10743K [0x000000076ab00000, 0x0000000774000000, 0x00000007c0000000)
  eden space 65536K, 0% used [0x000000076ab00000,0x000000076ab00000,0x000000076eb00000)
  from space 10752K, 99% used [0x000000076eb00000,0x000000076f57dda8,0x000000076f580000)
  to   space 10752K, 0% used [0x0000000773580000,0x0000000773580000,0x0000000774000000)
 ParOldGen       total 175104K, used 3772K [0x00000006c0000000, 0x00000006cab00000, 0x000000076ab00000)
  object space 175104K, 2% used [0x00000006c0000000,0x00000006c03af098,0x00000006cab00000)
 Metaspace       used 10218K, capacity 10396K, committed 10624K, reserved 1058816K
  class space    used 1216K, capacity 1288K, committed 1408K, reserved 1048576K
}
Event: 1.702 GC heap before
{Heap before GC invocations=2 (full 0):
 PSYoungGen      total 76288K, used 76279K [0x000000076ab00000, 0x0000000774000000, 0x00000007c0000000)
  eden space 65536K, 100% used [0x000000076ab00000,0x000000076eb00000,0x000000076eb00000)
  from space 10752K, 99% used [0x000000076eb00000,0x000000076f57dda8,0x000000076f580000)
  to   space 10752K, 0% used [0x0000000773580000,0x0000000773580000,0x0000000774000000)
 ParOldGen       total 175104K, used 3772K [0x00000006c0000000, 0x00000006cab00000, 0x000000076ab00000)
  object space 175104K, 2% used [0x00000006c0000000,0x00000006c03af098,0x00000006cab00000)
 Metaspace       used 17423K, capacity 17598K, committed 17920K, reserved 1064960K
  class space    used 2220K, capacity 2291K, committed 2304K, reserved 1048576K
Event: 1.728 GC heap after
Heap after GC invocations=2 (full 0):
 PSYoungGen      total 141824K, used 10742K [0x000000076ab00000, 0x0000000774000000, 0x00000007c0000000)
  eden space 131072K, 0% used [0x000000076ab00000,0x000000076ab00000,0x0000000772b00000)
  from space 10752K, 99% used [0x0000000773580000,0x0000000773ffdab0,0x0000000774000000)
  to   space 10752K, 0% used [0x0000000772b00000,0x0000000772b00000,0x0000000773580000)
 ParOldGen       total 175104K, used 11716K [0x00000006c0000000, 0x00000006cab00000, 0x000000076ab00000)
  object space 175104K, 6% used [0x00000006c0000000,0x00000006c0b71108,0x00000006cab00000)
 Metaspace       used 17423K, capacity 17598K, committed 17920K, reserved 1064960K
  class space    used 2220K, capacity 2291K, committed 2304K, reserved 1048576K
}
Event: 3.010 GC heap before
{Heap before GC invocations=3 (full 0):
 PSYoungGen      total 141824K, used 53154K [0x000000076ab00000, 0x0000000774000000, 0x00000007c0000000)
  eden space 131072K, 32% used [0x000000076ab00000,0x000000076d46b108,0x0000000772b00000)
  from space 10752K, 99% used [0x0000000773580000,0x0000000773ffdab0,0x0000000774000000)
  to   space 10752K, 0% used [0x0000000772b00000,0x0000000772b00000,0x0000000773580000)
 ParOldGen       total 175104K, used 11716K [0x00000006c0000000, 0x00000006cab00000, 0x000000076ab00000)
  object space 175104K, 6% used [0x00000006c0000000,0x00000006c0b71108,0x00000006cab00000)
 Metaspace       used 20864K, capacity 21100K, committed 21248K, reserved 1067008K
  class space    used 2649K, capacity 2730K, committed 2816K, reserved 1048576K
Event: 3.056 GC heap after
Heap after GC invocations=3 (full 0):
 PSYoungGen      total 141824K, used 10729K [0x000000076ab00000, 0x000000077c000000, 0x00000007c0000000)
  eden space 131072K, 0% used [0x000000076ab00000,0x000000076ab00000,0x0000000772b00000)
  from space 10752K, 99% used [0x0000000772b00000,0x000000077357a6f0,0x0000000773580000)
  to   space 10752K, 0% used [0x000000077b580000,0x000000077b580000,0x000000077c000000)
 ParOldGen       total 175104K, used 17295K [0x00000006c0000000, 0x00000006cab00000, 0x000000076ab00000)
  object space 175104K, 9% used [0x00000006c0000000,0x00000006c10e3ca8,0x00000006cab00000)
 Metaspace       used 20864K, capacity 21100K, committed 21248K, reserved 1067008K
  class space    used 2649K, capacity 2730K, committed 2816K, reserved 1048576K
}
Event: 3.056 GC heap before
{Heap before GC invocations=4 (full 1):
 PSYoungGen      total 141824K, used 10729K [0x000000076ab00000, 0x000000077c000000, 0x00000007c0000000)
  eden space 131072K, 0% used [0x000000076ab00000,0x000000076ab00000,0x0000000772b00000)
  from space 10752K, 99% used [0x0000000772b00000,0x000000077357a6f0,0x0000000773580000)
  to   space 10752K, 0% used [0x000000077b580000,0x000000077b580000,0x000000077c000000)
 ParOldGen       total 175104K, used 17295K [0x00000006c0000000, 0x00000006cab00000, 0x000000076ab00000)
  object space 175104K, 9% used [0x00000006c0000000,0x00000006c10e3ca8,0x00000006cab00000)
 Metaspace       used 20864K, capacity 21100K, committed 21248K, reserved 1067008K
  class space    used 2649K, capacity 2730K, committed 2816K, reserved 1048576K
Event: 3.087 GC heap after
Heap after GC invocations=4 (full 1):
 PSYoungGen      total 141824K, used 0K [0x000000076ab00000, 0x000000077c000000, 0x00000007c0000000)
  eden space 131072K, 0% used [0x000000076ab00000,0x000000076ab00000,0x0000000772b00000)
  from space 10752K, 0% used [0x0000000772b00000,0x0000000772b00000,0x0000000773580000)
  to   space 10752K, 0% used [0x000000077b580000,0x000000077b580000,0x000000077c000000)
 ParOldGen       total 108544K, used 17507K [0x00000006c0000000, 0x00000006c6a00000, 0x000000076ab00000)
  object space 108544K, 16% used [0x00000006c0000000,0x00000006c1118ce0,0x00000006c6a00000)
 Metaspace       used 20864K, capacity 21100K, committed 21248K, reserved 1067008K
  class space    used 2649K, capacity 2730K, committed 2816K, reserved 1048576K
}
Event: 6.471 GC heap before
{Heap before GC invocations=5 (full 1):
 PSYoungGen      total 141824K, used 131072K [0x000000076ab00000, 0x000000077c000000, 0x00000007c0000000)
  eden space 131072K, 100% used [0x000000076ab00000,0x0000000772b00000,0x0000000772b00000)
  from space 10752K, 0% used [0x0000000772b00000,0x0000000772b00000,0x0000000773580000)
  to   space 10752K, 0% used [0x000000077b580000,0x000000077b580000,0x000000077c000000)
 ParOldGen       total 108544K, used 17507K [0x00000006c0000000, 0x00000006c6a00000, 0x000000076ab00000)
  object space 108544K, 16% used [0x00000006c0000000,0x00000006c1118ce0,0x00000006c6a00000)
 Metaspace       used 25106K, capacity 25473K, committed 25728K, reserved 1071104K
  class space    used 2984K, capacity 3081K, committed 3200K, reserved 1048576K
Event: 6.479 GC heap after
Heap after GC invocations=5 (full 1):
 PSYoungGen      total 225280K, used 3232K [0x000000076ab00000, 0x000000077b900000, 0x00000007c0000000)
  eden space 221696K, 0% used [0x000000076ab00000,0x000000076ab00000,0x0000000778380000)
  from space 3584K, 90% used [0x000000077b580000,0x000000077b8a81c0,0x000000077b900000)
  to   space 10752K, 0% used [0x000000077a400000,0x000000077a400000,0x000000077ae80000)
 ParOldGen       total 108544K, used 17515K [0x00000006c0000000, 0x00000006c6a00000, 0x000000076ab00000)
  object space 108544K, 16% used [0x00000006c0000000,0x00000006c111ace0,0x00000006c6a00000)
 Metaspace       used 25106K, capacity 25473K, committed 25728K, reserved 1071104K
  class space    used 2984K, capacity 3081K, committed 3200K, reserved 1048576K
}

Deoptimization events (10 events):
Event: 4.955 Thread 0x00007fa3b7cd0000 Uncommon trap: reason=class_check action=maybe_recompile pc=0x000000010ee6de44 method=com.google.common.collect.TransformedIterator.<init>(Ljava/util/Iterator;)V @ 9
Event: 6.480 Thread 0x00007fa3b7cd0000 Uncommon trap: reason=unstable_if action=reinterpret pc=0x000000010f00c0a0 method=org.eclipse.emf.common.util.Pool.access(ZLorg/eclipse/emf/common/util/Pool$AccessUnit;)V @ 48
Event: 6.480 Thread 0x00007fa3b7cd0000 Uncommon trap: reason=unstable_if action=reinterpret pc=0x000000010eddeb34 method=org.eclipse.emf.common.util.Pool.access(ZLorg/eclipse/emf/common/util/Pool$AccessUnit;)V @ 48
Event: 6.481 Thread 0x00007fa3b7cd0000 Uncommon trap: reason=unstable_if action=reinterpret pc=0x000000010ef47fd8 method=org.eclipse.emf.common.util.Pool.access(ZLorg/eclipse/emf/common/util/Pool$AccessUnit;)V @ 48
Event: 6.488 Thread 0x00007fa3b7cd0000 Uncommon trap: reason=unstable_if action=reinterpret pc=0x000000010edc66d8 method=org.eclipse.emf.common.util.Pool.access(ZLorg/eclipse/emf/common/util/Pool$AccessUnit;)V @ 48
Event: 7.167 Thread 0x00007fa3b7cd0000 Uncommon trap: reason=predicate action=maybe_recompile pc=0x000000010e35be18 method=java.util.AbstractCollection.toArray([Ljava/lang/Object;)[Ljava/lang/Object; @ 49
Event: 7.286 Thread 0x00007fa3b7cd0000 Uncommon trap: reason=array_check action=maybe_recompile pc=0x000000010e427d98 method=java.util.AbstractCollection.toArray([Ljava/lang/Object;)[Ljava/lang/Object; @ 119
Event: 7.287 Thread 0x00007fa3b7cd0000 Uncommon trap: reason=array_check action=maybe_recompile pc=0x000000010e427d98 method=java.util.AbstractCollection.toArray([Ljava/lang/Object;)[Ljava/lang/Object; @ 119
Event: 7.287 Thread 0x00007fa3b7cd0000 Uncommon trap: reason=array_check action=maybe_recompile pc=0x000000010e427d98 method=java.util.AbstractCollection.toArray([Ljava/lang/Object;)[Ljava/lang/Object; @ 119
Event: 7.287 Thread 0x00007fa3b7cd0000 Uncommon trap: reason=array_check action=maybe_recompile pc=0x000000010e427d98 method=java.util.AbstractCollection.toArray([Ljava/lang/Object;)[Ljava/lang/Object; @ 119

Classes redefined (0 events):
No events

Internal exceptions (10 events):
Event: 3.465 Thread 0x00007fa3b9012000 Exception <a 'java/io/FileNotFoundException'> (0x000000076b565dc8) thrown at [/Users/jenkins/workspace/build-scripts/jobs/release/jobs/jdk8u/jdk8u-release-mac-x64-temurin/workspace/build/src/hotspot/src/share/vm/prims/jni.cpp, line 709]
Event: 3.477 Thread 0x00007fa3b9012000 Exception <a 'java/security/PrivilegedActionException'> (0x000000076b58b0b0) thrown at [/Users/jenkins/workspace/build-scripts/jobs/release/jobs/jdk8u/jdk8u-release-mac-x64-temurin/workspace/build/src/hotspot/src/share/vm/prims/jvm.cpp, line 1514]
Event: 3.477 Thread 0x00007fa3b9012000 Exception <a 'java/security/PrivilegedActionException'> (0x000000076b58c5e0) thrown at [/Users/jenkins/workspace/build-scripts/jobs/release/jobs/jdk8u/jdk8u-release-mac-x64-temurin/workspace/build/src/hotspot/src/share/vm/prims/jvm.cpp, line 1514]
Event: 3.477 Thread 0x00007fa3b9012000 Exception <a 'java/security/PrivilegedActionException'> (0x000000076b58da10) thrown at [/Users/jenkins/workspace/build-scripts/jobs/release/jobs/jdk8u/jdk8u-release-mac-x64-temurin/workspace/build/src/hotspot/src/share/vm/prims/jvm.cpp, line 1514]
Event: 3.477 Thread 0x00007fa3b9012000 Exception <a 'java/security/PrivilegedActionException'> (0x000000076b58f0d0) thrown at [/Users/jenkins/workspace/build-scripts/jobs/release/jobs/jdk8u/jdk8u-release-mac-x64-temurin/workspace/build/src/hotspot/src/share/vm/prims/jvm.cpp, line 1514]
Event: 3.477 Thread 0x00007fa3b9012000 Exception <a 'java/security/PrivilegedActionException'> (0x000000076b5904c8) thrown at [/Users/jenkins/workspace/build-scripts/jobs/release/jobs/jdk8u/jdk8u-release-mac-x64-temurin/workspace/build/src/hotspot/src/share/vm/prims/jvm.cpp, line 1514]
Event: 3.477 Thread 0x00007fa3b9012000 Exception <a 'java/security/PrivilegedActionException'> (0x000000076b591890) thrown at [/Users/jenkins/workspace/build-scripts/jobs/release/jobs/jdk8u/jdk8u-release-mac-x64-temurin/workspace/build/src/hotspot/src/share/vm/prims/jvm.cpp, line 1514]
Event: 4.561 Thread 0x00007fa3b7cd0000 Exception <a 'java/io/FileNotFoundException'> (0x000000076c350868) thrown at [/Users/jenkins/workspace/build-scripts/jobs/release/jobs/jdk8u/jdk8u-release-mac-x64-temurin/workspace/build/src/hotspot/src/share/vm/prims/jni.cpp, line 709]
Event: 4.584 Thread 0x00007fa3b7cd0000 Exception <a 'java/io/FileNotFoundException'> (0x000000076c3bf918) thrown at [/Users/jenkins/workspace/build-scripts/jobs/release/jobs/jdk8u/jdk8u-release-mac-x64-temurin/workspace/build/src/hotspot/src/share/vm/prims/jni.cpp, line 709]
Event: 4.857 Thread 0x00007fa3b7cd0000 Exception <a 'java/lang/reflect/InvocationTargetException'> (0x000000076d33cfb8) thrown at [/Users/jenkins/workspace/build-scripts/jobs/release/jobs/jdk8u/jdk8u-release-mac-x64-temurin/workspace/build/src/hotspot/src/share/vm/runtime/reflection.cpp, line 

Events (10 events):
Event: 7.287 Thread 0x00007fa3b7cd0000 Uncommon trap: trap_request=0xffffffd6 fr.pc=0x000000010e427d98
Event: 7.287 Thread 0x00007fa3b7cd0000 DEOPT PACKING pc=0x000000010e427d98 sp=0x000000030bdf6c90
Event: 7.287 Thread 0x00007fa3b7cd0000 DEOPT UNPACKING pc=0x000000010e25947a sp=0x000000030bdf6c38 mode 2
Event: 7.287 Thread 0x00007fa3b7cd0000 Uncommon trap: trap_request=0xffffffd6 fr.pc=0x000000010e427d98
Event: 7.287 Thread 0x00007fa3b7cd0000 DEOPT PACKING pc=0x000000010e427d98 sp=0x000000030bdf6e90
Event: 7.287 Thread 0x00007fa3b7cd0000 DEOPT UNPACKING pc=0x000000010e25947a sp=0x000000030bdf6e38 mode 2
Event: 7.367 loading class com/badlogic/gdx/backends/lwjgl/LwjglApplication$2
Event: 7.367 loading class com/badlogic/gdx/backends/lwjgl/LwjglApplication$2 done
Event: 7.378 loading class org/lwjgl/opengl/CallbackUtil
Event: 7.378 loading class org/lwjgl/opengl/CallbackUtil done


Dynamic libraries:
0x00007ff831f94000 	/System/Library/Frameworks/Cocoa.framework/Versions/A/Cocoa
0x00007ff81b5ce000 	/System/Library/Frameworks/AppKit.framework/Versions/C/AppKit
0x00007ff81e2d5000 	/System/Library/Frameworks/CoreData.framework/Versions/A/CoreData
0x00007ff81939d000 	/System/Library/Frameworks/Foundation.framework/Versions/C/Foundation
0x00007ff824a40000 	/usr/lib/libSystem.B.dylib
0x00007ff81c5d6000 	/System/Library/PrivateFrameworks/UIFoundation.framework/Versions/A/UIFoundation
0x00007ffb1afc2000 	/System/Library/PrivateFrameworks/CollectionViewCore.framework/Versions/A/CollectionViewCore
0x00007ff82bea7000 	/System/Library/PrivateFrameworks/RemoteViewServices.framework/Versions/A/RemoteViewServices
0x00007ff822838000 	/System/Library/PrivateFrameworks/XCTTargetBootstrap.framework/Versions/A/XCTTargetBootstrap
0x00007ff827984000 	/System/Library/PrivateFrameworks/InternationalSupport.framework/Versions/A/InternationalSupport
0x00007ff827a0d000 	/System/Library/PrivateFrameworks/UserActivity.framework/Versions/A/UserActivity
0x00007ffb31f37000 	/System/Library/PrivateFrameworks/WindowManagement.framework/Versions/A/WindowManagement
0x00007ff81908c000 	/System/Library/Frameworks/SystemConfiguration.framework/Versions/A/SystemConfiguration
0x00007ff826d64000 	/usr/lib/libspindump.dylib
0x00007ff81c7a4000 	/System/Library/Frameworks/UniformTypeIdentifiers.framework/Versions/A/UniformTypeIdentifiers
0x00007ff8209f4000 	/usr/lib/libapp_launch_measurement.dylib
0x00007ff81f75c000 	/System/Library/PrivateFrameworks/CoreAnalytics.framework/Versions/A/CoreAnalytics
0x00007ff8209f7000 	/System/Library/PrivateFrameworks/CoreAutoLayout.framework/Versions/A/CoreAutoLayout
0x00007ff8220a5000 	/System/Library/Frameworks/Metal.framework/Versions/A/Metal
0x00007ff822fc1000 	/usr/lib/liblangid.dylib
0x00007ff82283d000 	/System/Library/PrivateFrameworks/CoreSVG.framework/Versions/A/CoreSVG
0x00007ff81d10b000 	/System/Library/PrivateFrameworks/SkyLight.framework/Versions/A/SkyLight
0x00007ff81d4fe000 	/System/Library/Frameworks/CoreGraphics.framework/Versions/A/CoreGraphics
0x00007ff82c58d000 	/System/Library/Frameworks/Accelerate.framework/Versions/A/Accelerate
0x00007ff8267d5000 	/System/Library/PrivateFrameworks/IconServices.framework/Versions/A/IconServices
0x00007ff822086000 	/System/Library/Frameworks/IOSurface.framework/Versions/A/IOSurface
0x00007ff81f787000 	/usr/lib/libDiagnosticMessagesClient.dylib
0x00007ff824951000 	/usr/lib/libz.1.dylib
0x00007ff82fc54000 	/System/Library/Frameworks/ApplicationServices.framework/Versions/A/ApplicationServices
0x00007ff822824000 	/System/Library/PrivateFrameworks/DFRFoundation.framework/Versions/A/DFRFoundation
0x00007ff81ae99000 	/usr/lib/libicucore.A.dylib
0x00007ff828823000 	/System/Library/Frameworks/AudioToolbox.framework/Versions/A/AudioToolbox
0x00007ff82798f000 	/System/Library/PrivateFrameworks/DataDetectorsCore.framework/Versions/A/DataDetectorsCore
0x00007ff91ff4d000 	/System/Library/PrivateFrameworks/TextInput.framework/Versions/A/TextInput
0x00007ff81d074000 	/usr/lib/libMobileGestalt.dylib
0x00007ff82252c000 	/System/Library/Frameworks/Carbon.framework/Versions/A/Frameworks/HIToolbox.framework/Versions/A/HIToolbox
0x00007ff820381000 	/System/Library/Frameworks/QuartzCore.framework/Versions/A/QuartzCore
0x00007ff81ab07000 	/System/Library/Frameworks/Security.framework/Versions/A/Security
0x00007ff82bedf000 	/System/Library/Frameworks/Carbon.framework/Versions/A/Frameworks/SpeechRecognition.framework/Versions/A/SpeechRecognition
0x00007ff820733000 	/System/Library/PrivateFrameworks/CoreUI.framework/Versions/A/CoreUI
0x00007ff81a455000 	/System/Library/Frameworks/CoreAudio.framework/Versions/A/CoreAudio
0x00007ff81f860000 	/System/Library/Frameworks/DiskArbitration.framework/Versions/A/DiskArbitration
0x00007ff827180000 	/System/Library/PrivateFrameworks/MultitouchSupport.framework/Versions/A/MultitouchSupport
0x00007ff81d073000 	/usr/lib/libenergytrace.dylib
0x00007ff81b4ae000 	/System/Library/Frameworks/IOKit.framework/Versions/A/IOKit
0x00007ff82c2dc000 	/System/Library/Frameworks/CoreServices.framework/Versions/A/CoreServices
0x00007ff82098c000 	/System/Library/PrivateFrameworks/PerformanceAnalysis.framework/Versions/A/PerformanceAnalysis
0x00007ffa302a3000 	/System/Library/Frameworks/OpenGL.framework/Versions/A/OpenGL
0x00007ff820a3f000 	/usr/lib/libxml2.2.dylib
0x00007ff823dea000 	/System/Library/PrivateFrameworks/MobileKeyBag.framework/Versions/A/MobileKeyBag
0x00007ff81819c000 	/usr/lib/libobjc.A.dylib
0x00007ff818466000 	/usr/lib/libc++.1.dylib
0x00007ff81dd0b000 	/System/Library/Frameworks/ColorSync.framework/Versions/A/ColorSync
0x00007ff818596000 	/System/Library/Frameworks/CoreFoundation.framework/Versions/A/CoreFoundation
0x00007ff822b8d000 	/System/Library/Frameworks/CoreImage.framework/Versions/A/CoreImage
0x00007ff81a263000 	/System/Library/Frameworks/CoreText.framework/Versions/A/CoreText
0x00007ff822874000 	/System/Library/Frameworks/ImageIO.framework/Versions/A/ImageIO
0x00007ff824a46000 	/System/Library/PrivateFrameworks/SoftLinking.framework/Versions/A/SoftLinking
0x00007ff824cc7000 	/usr/lib/libcompression.dylib
0x00007ff8278bd000 	/System/Library/PrivateFrameworks/TextureIO.framework/Versions/A/TextureIO
0x00007ff8263ff000 	/usr/lib/libate.dylib
0x00007ff824a3a000 	/usr/lib/system/libcache.dylib
0x00007ff8249f1000 	/usr/lib/system/libcommonCrypto.dylib
0x00007ff824a1e000 	/usr/lib/system/libcompiler_rt.dylib
0x00007ff824a10000 	/usr/lib/system/libcopyfile.dylib
0x00007ff8182cf000 	/usr/lib/system/libcorecrypto.dylib
0x00007ff818393000 	/usr/lib/system/libdispatch.dylib
0x00007ff81853d000 	/usr/lib/system/libdyld.dylib
0x00007ff824a30000 	/usr/lib/system/libkeymgr.dylib
0x00007ff8249d0000 	/usr/lib/system/libmacho.dylib
0x00007ff823ed8000 	/usr/lib/system/libquarantine.dylib
0x00007ff824a2e000 	/usr/lib/system/libremovefile.dylib
0x00007ff81d0d9000 	/usr/lib/system/libsystem_asl.dylib
0x00007ff818270000 	/usr/lib/system/libsystem_blocks.dylib
0x00007ff8183de000 	/usr/lib/system/libsystem_c.dylib
0x00007ff824a26000 	/usr/lib/system/libsystem_collections.dylib
0x00007ff822fb2000 	/usr/lib/system/libsystem_configuration.dylib
0x00007ff822057000 	/usr/lib/system/libsystem_containermanager.dylib
0x00007ff824684000 	/usr/lib/system/libsystem_coreservices.dylib
0x00007ff81b12a000 	/usr/lib/system/libsystem_darwin.dylib
0x00007ff824a31000 	/usr/lib/system/libsystem_dnssd.dylib
0x00007ff8183db000 	/usr/lib/system/libsystem_featureflags.dylib
0x00007ff81856b000 	/usr/lib/system/libsystem_info.dylib
0x00007ff824964000 	/usr/lib/system/libsystem_m.dylib
0x00007ff818366000 	/usr/lib/system/libsystem_malloc.dylib
0x00007ff81d05c000 	/usr/lib/system/libsystem_networkextension.dylib
0x00007ff81b56c000 	/usr/lib/system/libsystem_notify.dylib
0x00007ff822fb6000 	/usr/lib/system/libsystem_sandbox.dylib
0x00007ff824a2b000 	/usr/lib/system/libsystem_secinit.dylib
0x00007ff8184f7000 	/usr/lib/system/libsystem_kernel.dylib
0x00007ff818561000 	/usr/lib/system/libsystem_platform.dylib
0x00007ff818531000 	/usr/lib/system/libsystem_pthread.dylib
0x00007ff81eb1e000 	/usr/lib/system/libsystem_symptoms.dylib
0x00007ff8182b5000 	/usr/lib/system/libsystem_trace.dylib
0x00007ff8249fd000 	/usr/lib/system/libunwind.dylib
0x00007ff818274000 	/usr/lib/system/libxpc.dylib
0x00007ff8184e2000 	/usr/lib/libc++abi.dylib
0x00007ff824a08000 	/usr/lib/liboah.dylib
0x00007ff82618c000 	/usr/lib/liblzma.5.dylib
0x00007ff824a42000 	/usr/lib/libfakelink.dylib
0x00007ff81ccbc000 	/System/Library/Frameworks/CFNetwork.framework/Versions/A/CFNetwork
0x00007ff824b7f000 	/usr/lib/libarchive.2.dylib
0x00007ff82a175000 	/System/Library/Frameworks/Combine.framework/Versions/A/Combine
0x00007ff8282bf000 	/usr/lib/swift/libswiftCore.dylib
0x00007ff91cf18000 	/usr/lib/swift/libswiftCoreFoundation.dylib
0x00007ff91afdb000 	/usr/lib/swift/libswiftDarwin.dylib
0x00007ff82db2e000 	/usr/lib/swift/libswiftDispatch.dylib
0x00007ff91cf34000 	/usr/lib/swift/libswiftIOKit.dylib
0x00007ff830093000 	/usr/lib/swift/libswiftObjectiveC.dylib
0x00007ff91cf29000 	/usr/lib/swift/libswiftXPC.dylib
0x00007ffc18a65000 	/usr/lib/swift/libswift_Concurrency.dylib
0x00007ffc18ba2000 	/usr/lib/swift/libswift_StringProcessing.dylib
0x00007ff830097000 	/usr/lib/swift/libswiftos.dylib
0x00007ff81b431000 	/System/Library/PrivateFrameworks/CoreServicesInternal.framework/Versions/A/CoreServicesInternal
0x00007ff823eff000 	/usr/lib/libbsm.0.dylib
0x00007ff8249d5000 	/usr/lib/system/libkxld.dylib
0x00007ff8209c0000 	/System/Library/Frameworks/CoreServices.framework/Versions/A/Frameworks/FSEvents.framework/Versions/A/FSEvents
0x00007ff81b135000 	/System/Library/Frameworks/CoreServices.framework/Versions/A/Frameworks/CarbonCore.framework/Versions/A/CarbonCore
0x00007ff81f7ca000 	/System/Library/Frameworks/CoreServices.framework/Versions/A/Frameworks/Metadata.framework/Versions/A/Metadata
0x00007ff82468a000 	/System/Library/Frameworks/CoreServices.framework/Versions/A/Frameworks/OSServices.framework/Versions/A/OSServices
0x00007ff824c07000 	/System/Library/Frameworks/CoreServices.framework/Versions/A/Frameworks/SearchKit.framework/Versions/A/SearchKit
0x00007ff81eaa2000 	/System/Library/Frameworks/CoreServices.framework/Versions/A/Frameworks/AE.framework/Versions/A/AE
0x00007ff818a31000 	/System/Library/Frameworks/CoreServices.framework/Versions/A/Frameworks/LaunchServices.framework/Versions/A/LaunchServices
0x00007ff82613d000 	/System/Library/Frameworks/CoreServices.framework/Versions/A/Frameworks/DictionaryServices.framework/Versions/A/DictionaryServices
0x00007ff8209cd000 	/System/Library/Frameworks/CoreServices.framework/Versions/A/Frameworks/SharedFileList.framework/Versions/A/SharedFileList
0x00007ff824c91000 	/usr/lib/libapple_nghttp2.dylib
0x00007ff81ccb8000 	/usr/lib/libnetwork.dylib
0x00007ff81e754000 	/usr/lib/libsqlite3.dylib
0x00007ff81eb26000 	/System/Library/Frameworks/Network.framework/Versions/A/Network
0x00007ffb37964000 	/usr/lib/libCoreEntitlements.dylib
0x00007ffb24a63000 	/System/Library/PrivateFrameworks/MessageSecurity.framework/Versions/A/MessageSecurity
0x00007ff81e73b000 	/System/Library/PrivateFrameworks/ProtocolBuffer.framework/Versions/A/ProtocolBuffer
0x00007ff8245a6000 	/System/Library/PrivateFrameworks/AppleFSCompression.framework/Versions/A/AppleFSCompression
0x00007ff823ee7000 	/usr/lib/libcoretls.dylib
0x00007ff8261a5000 	/usr/lib/libcoretls_cfhelpers.dylib
0x00007ff824cc1000 	/usr/lib/libpam.2.dylib
0x00007ff826218000 	/usr/lib/libxar.1.dylib
0x00007ff8267b1000 	/usr/lib/libheimdal-asn1.dylib
0x00007ff824a47000 	/usr/lib/libpcap.A.dylib
0x00007ff81eb15000 	/usr/lib/libdns_services.dylib
0x00007ff822fbd000 	/System/Library/PrivateFrameworks/AppleSystemInfo.framework/Versions/A/AppleSystemInfo
0x00007ff823bf1000 	/System/Library/PrivateFrameworks/IOMobileFramebuffer.framework/Versions/A/IOMobileFramebuffer
0x00007ff824675000 	/usr/lib/libbz2.1.0.dylib
0x00007ff823edb000 	/usr/lib/libCheckFix.dylib
0x00007ff81d0f0000 	/System/Library/PrivateFrameworks/TCC.framework/Versions/A/TCC
0x00007ff822fc3000 	/System/Library/PrivateFrameworks/CoreNLP.framework/Versions/A/CoreNLP
0x00007ff81f789000 	/System/Library/PrivateFrameworks/MetadataUtilities.framework/Versions/A/MetadataUtilities
0x00007ff823f10000 	/usr/lib/libmecab.dylib
0x00007ff81910c000 	/usr/lib/libCRFSuite.dylib
0x00007ff823f69000 	/usr/lib/libgermantok.dylib
0x00007ff824c6d000 	/usr/lib/libThaiTokenizer.dylib
0x00007ff81f868000 	/System/Library/Frameworks/Accelerate.framework/Versions/A/Frameworks/vImage.framework/Versions/A/vImage
0x00007ff82c2af000 	/System/Library/Frameworks/Accelerate.framework/Versions/A/Frameworks/vecLib.framework/Versions/A/vecLib
0x00007ff82625a000 	/System/Library/Frameworks/Accelerate.framework/Versions/A/Frameworks/vecLib.framework/Versions/A/libvMisc.dylib
0x00007ff8239ec000 	/System/Library/Frameworks/Accelerate.framework/Versions/A/Frameworks/vecLib.framework/Versions/A/libvDSP.dylib
0x00007ff818def000 	/System/Library/Frameworks/Accelerate.framework/Versions/A/Frameworks/vecLib.framework/Versions/A/libBLAS.dylib
0x00007ff824da5000 	/System/Library/Frameworks/Accelerate.framework/Versions/A/Frameworks/vecLib.framework/Versions/A/libLAPACK.dylib
0x00007ff823f6c000 	/System/Library/Frameworks/Accelerate.framework/Versions/A/Frameworks/vecLib.framework/Versions/A/libLinearAlgebra.dylib
0x00007ff824cac000 	/System/Library/Frameworks/Accelerate.framework/Versions/A/Frameworks/vecLib.framework/Versions/A/libSparseBLAS.dylib
0x00007ff824d9f000 	/System/Library/Frameworks/Accelerate.framework/Versions/A/Frameworks/vecLib.framework/Versions/A/libQuadrature.dylib
0x00007ff8230a9000 	/System/Library/Frameworks/Accelerate.framework/Versions/A/Frameworks/vecLib.framework/Versions/A/libBNNS.dylib
0x00007ff819015000 	/System/Library/Frameworks/Accelerate.framework/Versions/A/Frameworks/vecLib.framework/Versions/A/libSparse.dylib
0x00007ffb23c9d000 	/System/Library/PrivateFrameworks/MIL.framework/Versions/A/MIL
0x00007ff824a7c000 	/usr/lib/libiconv.2.dylib
0x00007ff8249cf000 	/usr/lib/libcharset.1.dylib
0x00007ff8209a4000 	/System/Library/Frameworks/OpenDirectory.framework/Versions/A/Frameworks/CFOpenDirectory.framework/Versions/A/CFOpenDirectory
0x00007ff820998000 	/System/Library/Frameworks/OpenDirectory.framework/Versions/A/OpenDirectory
0x00007ff8261a7000 	/System/Library/PrivateFrameworks/APFS.framework/Versions/A/APFS
0x00007ff823e1d000 	/System/Library/Frameworks/SecurityFoundation.framework/Versions/A/SecurityFoundation
0x00007ff826226000 	/usr/lib/libutil.dylib
0x00007ffb22c14000 	/System/Library/PrivateFrameworks/InstalledContentLibrary.framework/Versions/A/InstalledContentLibrary
0x00007ff81b471000 	/System/Library/PrivateFrameworks/CoreServicesStore.framework/Versions/A/CoreServicesStore
0x00007ffb19b62000 	/System/Library/PrivateFrameworks/AppleMobileFileIntegrity.framework/Versions/A/AppleMobileFileIntegrity
0x00007ff91cefa000 	/usr/lib/libmis.dylib
0x00007ff92b7cd000 	/System/Library/PrivateFrameworks/MobileSystemServices.framework/Versions/A/MobileSystemServices
0x00007ffa27516000 	/System/Library/PrivateFrameworks/ConfigProfileHelper.framework/Versions/A/ConfigProfileHelper
0x00007ff824c6f000 	/System/Library/PrivateFrameworks/AppleSauce.framework/Versions/A/AppleSauce
0x00007ff819d26000 	/System/Library/PrivateFrameworks/LanguageModeling.framework/Versions/A/LanguageModeling
0x00007ff82622a000 	/usr/lib/libxslt.1.dylib
0x00007ff824b6e000 	/usr/lib/libcmph.dylib
0x00007ff823bde000 	/System/Library/PrivateFrameworks/CoreEmoji.framework/Versions/A/CoreEmoji
0x00007ff8230a4000 	/System/Library/PrivateFrameworks/LinguisticData.framework/Versions/A/LinguisticData
0x00007ff818fcc000 	/System/Library/PrivateFrameworks/Lexicon.framework/Versions/A/Lexicon
0x00007ff823eab000 	/System/Library/PrivateFrameworks/BackgroundTaskManagement.framework/Versions/A/BackgroundTaskManagement
0x00007ffb37aa6000 	/usr/lib/libTLE.dylib
0x00007ffc18aeb000 	/usr/lib/swift/libswift_RegexParser.dylib
0x00007ff82704a000 	/System/Library/PrivateFrameworks/AppleJPEG.framework/Versions/A/AppleJPEG
0x00007ff826796000 	/usr/lib/libexpat.1.dylib
0x00007ff82771a000 	/System/Library/Frameworks/ImageIO.framework/Versions/A/Resources/libPng.dylib
0x00007ff827747000 	/System/Library/Frameworks/ImageIO.framework/Versions/A/Resources/libTIFF.dylib
0x00007ff827837000 	/System/Library/Frameworks/ImageIO.framework/Versions/A/Resources/libGIF.dylib
0x00007ff827095000 	/System/Library/Frameworks/ImageIO.framework/Versions/A/Resources/libJP2.dylib
0x00007ff8277d7000 	/System/Library/Frameworks/ImageIO.framework/Versions/A/Resources/libJPEG.dylib
0x00007ff8277ce000 	/System/Library/Frameworks/ImageIO.framework/Versions/A/Resources/libRadiance.dylib
0x00007ff8223c5000 	/System/Library/PrivateFrameworks/FontServices.framework/libFontParser.dylib
0x00007ff81ea47000 	/System/Library/PrivateFrameworks/RunningBoardServices.framework/Versions/A/RunningBoardServices
0x00007ff832641000 	/System/Library/PrivateFrameworks/IOSurfaceAccelerator.framework/Versions/A/IOSurfaceAccelerator
0x00007ff82717c000 	/System/Library/PrivateFrameworks/WatchdogClient.framework/Versions/A/WatchdogClient
0x00007ff819e8c000 	/System/Library/Frameworks/CoreDisplay.framework/Versions/A/CoreDisplay
0x00007ff8222b4000 	/System/Library/Frameworks/CoreMedia.framework/Versions/A/CoreMedia
0x00007ff82209c000 	/System/Library/PrivateFrameworks/IOAccelerator.framework/Versions/A/IOAccelerator
0x00007ff820b1e000 	/System/Library/Frameworks/CoreVideo.framework/Versions/A/CoreVideo
0x00007ff824cbf000 	/System/Library/Frameworks/MetalPerformanceShaders.framework/Versions/A/MetalPerformanceShaders
0x00007ff8271bb000 	/System/Library/Frameworks/VideoToolbox.framework/Versions/A/VideoToolbox
0x00007ff81e985000 	/System/Library/PrivateFrameworks/BaseBoard.framework/Versions/A/BaseBoard
0x00007ff8277c7000 	/System/Library/PrivateFrameworks/GPUWrangler.framework/Versions/A/GPUWrangler
0x00007ff8277ab000 	/System/Library/PrivateFrameworks/IOPresentment.framework/Versions/A/IOPresentment
0x00007ff8277d1000 	/System/Library/PrivateFrameworks/DSExternalDisplay.framework/Versions/A/DSExternalDisplay
0x00007ffb1f0e7000 	/System/Library/PrivateFrameworks/GPUCompiler.framework/Versions/31001/Libraries/libllvm-flatbuffers.dylib
0x00007ffa30297000 	/System/Library/Frameworks/OpenGL.framework/Versions/A/Libraries/libCoreFSCache.dylib
0x00007ffb1f0e3000 	/System/Library/PrivateFrameworks/GPUCompiler.framework/Versions/31001/Libraries/libGPUCompilerUtils.dylib
0x00007ff82783d000 	/System/Library/PrivateFrameworks/CMCaptureCore.framework/Versions/A/CMCaptureCore
0x00007ffa33f51000 	/System/Library/Frameworks/ExtensionFoundation.framework/Versions/A/ExtensionFoundation
0x00007ff82e2c6000 	/System/Library/PrivateFrameworks/CoreTime.framework/Versions/A/CoreTime
0x00007ff826d4f000 	/System/Library/PrivateFrameworks/AppServerSupport.framework/Versions/A/AppServerSupport
0x00007ff8290d9000 	/System/Library/PrivateFrameworks/perfdata.framework/Versions/A/perfdata
0x00007ff819fb8000 	/System/Library/PrivateFrameworks/AudioToolboxCore.framework/Versions/A/AudioToolboxCore
0x00007ff82228f000 	/System/Library/PrivateFrameworks/caulk.framework/Versions/A/caulk
0x00007ff8289b4000 	/usr/lib/libAudioStatistics.dylib
0x00007ff91c39b000 	/System/Library/PrivateFrameworks/SystemPolicy.framework/Versions/A/SystemPolicy
0x00007ff828c4f000 	/usr/lib/libSMC.dylib
0x00007ff831e32000 	/System/Library/Frameworks/CoreMIDI.framework/Versions/A/CoreMIDI
0x00007ff8276e8000 	/usr/lib/libAudioToolboxUtility.dylib
0x00007ff8377bc000 	/System/Library/PrivateFrameworks/OSAServicesClient.framework/Versions/A/OSAServicesClient
0x00007ff8290e6000 	/usr/lib/libperfcheck.dylib
0x00007ff826676000 	/System/Library/PrivateFrameworks/PlugInKit.framework/Versions/A/PlugInKit
0x00007ff823e10000 	/System/Library/PrivateFrameworks/AssertionServices.framework/Versions/A/AssertionServices
0x00007ffa302f4000 	/System/Library/Frameworks/OpenGL.framework/Versions/A/Libraries/libGLU.dylib
0x00007ffa302b6000 	/System/Library/Frameworks/OpenGL.framework/Versions/A/Libraries/libGFXShared.dylib
0x00007ffa304b5000 	/System/Library/Frameworks/OpenGL.framework/Versions/A/Libraries/libGL.dylib
0x00007ffa302bf000 	/System/Library/Frameworks/OpenGL.framework/Versions/A/Libraries/libGLImage.dylib
0x00007ffa302b3000 	/System/Library/Frameworks/OpenGL.framework/Versions/A/Libraries/libCVMSPluginSupport.dylib
0x00007ffb37a85000 	/usr/lib/libRosetta.dylib
0x00007ffa3029e000 	/System/Library/Frameworks/OpenGL.framework/Versions/A/Libraries/libCoreVMClient.dylib
0x00007ff822f32000 	/System/Library/Frameworks/MetalPerformanceShaders.framework/Versions/A/Frameworks/MPSCore.framework/Versions/A/MPSCore
0x00007ff824510000 	/System/Library/Frameworks/MetalPerformanceShaders.framework/Versions/A/Frameworks/MPSImage.framework/Versions/A/MPSImage
0x00007ff823f82000 	/System/Library/Frameworks/MetalPerformanceShaders.framework/Versions/A/Frameworks/MPSNeuralNetwork.framework/Versions/A/MPSNeuralNetwork
0x00007ff8243f3000 	/System/Library/Frameworks/MetalPerformanceShaders.framework/Versions/A/Frameworks/MPSMatrix.framework/Versions/A/MPSMatrix
0x00007ff8241af000 	/System/Library/Frameworks/MetalPerformanceShaders.framework/Versions/A/Frameworks/MPSRayIntersector.framework/Versions/A/MPSRayIntersector
0x00007ff82442f000 	/System/Library/Frameworks/MetalPerformanceShaders.framework/Versions/A/Frameworks/MPSNDArray.framework/Versions/A/MPSNDArray
0x00007ffa35339000 	/System/Library/Frameworks/MetalPerformanceShaders.framework/Versions/A/Frameworks/MPSFunctions.framework/Versions/A/MPSFunctions
0x00007ff818caf000 	/System/Library/PrivateFrameworks/MetalTools.framework/Versions/A/MetalTools
0x00007ff822fbc000 	/System/Library/PrivateFrameworks/AggregateDictionary.framework/Versions/A/AggregateDictionary
0x00007ff82652c000 	/usr/lib/libIOReport.dylib
0x00007ffb27598000 	/System/Library/PrivateFrameworks/PhotosensitivityProcessing.framework/Versions/A/PhotosensitivityProcessing
0x00007ffa30f7a000 	/System/Library/Frameworks/OpenCL.framework/Versions/A/OpenCL
0x00007ff8268de000 	/System/Library/PrivateFrameworks/GraphVisualizer.framework/Versions/A/GraphVisualizer
0x00007ffb1effc000 	/System/Library/PrivateFrameworks/FontServices.framework/Versions/A/FontServices
0x00007ff826d0a000 	/System/Library/PrivateFrameworks/OTSVG.framework/Versions/A/OTSVG
0x00007ff8206e7000 	/System/Library/Frameworks/ApplicationServices.framework/Versions/A/Frameworks/ATS.framework/Versions/A/Resources/libFontRegistry.dylib
0x00007ff826d59000 	/System/Library/PrivateFrameworks/FontServices.framework/libhvf.dylib
0x00007ffb1effd000 	/System/Library/PrivateFrameworks/FontServices.framework/libXTFontStaticRegistryData.dylib
0x00007ff927dca000 	/usr/lib/swift/libswiftMetal.dylib
0x00007ff91feae000 	/usr/lib/swift/libswiftsimd.dylib
0x00007ffb30c7e000 	/System/Library/PrivateFrameworks/VideoToolboxParavirtualizationSupport.framework/Versions/A/VideoToolboxParavirtualizationSupport
0x00007ff826746000 	/System/Library/PrivateFrameworks/AppleVA.framework/Versions/A/AppleVA
0x00007ff8289f4000 	/System/Library/Frameworks/ApplicationServices.framework/Versions/A/Frameworks/ATS.framework/Versions/A/ATS
0x00007ff81ddfb000 	/System/Library/Frameworks/ApplicationServices.framework/Versions/A/Frameworks/HIServices.framework/Versions/A/HIServices
0x00007ff827849000 	/System/Library/Frameworks/ApplicationServices.framework/Versions/A/Frameworks/PrintCore.framework/Versions/A/PrintCore
0x00007ff828da5000 	/System/Library/Frameworks/ApplicationServices.framework/Versions/A/Frameworks/QD.framework/Versions/A/QD
0x00007ff828d9d000 	/System/Library/Frameworks/ApplicationServices.framework/Versions/A/Frameworks/ColorSyncLegacy.framework/Versions/A/ColorSyncLegacy
0x00007ff8289c8000 	/System/Library/Frameworks/ApplicationServices.framework/Versions/A/Frameworks/SpeechSynthesis.framework/Versions/A/SpeechSynthesis
0x00007ff827807000 	/System/Library/Frameworks/ApplicationServices.framework/Versions/A/Frameworks/ATSUI.framework/Versions/A/ATSUI
0x00007ff828d2f000 	/usr/lib/libcups.2.dylib
0x00007ff8290f5000 	/System/Library/Frameworks/Kerberos.framework/Versions/A/Kerberos
0x00007ff829104000 	/System/Library/Frameworks/GSS.framework/Versions/A/GSS
0x00007ff828a62000 	/usr/lib/libresolv.9.dylib
0x00007ff826d69000 	/System/Library/PrivateFrameworks/Heimdal.framework/Versions/A/Heimdal
0x00007ff830015000 	/System/Library/Frameworks/Kerberos.framework/Versions/A/Libraries/libHeimdalProxy.dylib
0x00007ff82914f000 	/System/Library/PrivateFrameworks/CommonAuth.framework/Versions/A/CommonAuth
0x00007ffa33200000 	/System/Library/Frameworks/AVFAudio.framework/Versions/A/AVFAudio
0x00007ff837805000 	/System/Library/PrivateFrameworks/AXCoreUtilities.framework/Versions/A/AXCoreUtilities
0x00007ff828946000 	/System/Library/PrivateFrameworks/AudioSession.framework/Versions/A/AudioSession
0x00007ff829f47000 	/System/Library/Frameworks/IOBluetooth.framework/Versions/A/IOBluetooth
0x00007ff82684c000 	/System/Library/PrivateFrameworks/MediaExperience.framework/Versions/A/MediaExperience
0x00007ff8287f0000 	/System/Library/PrivateFrameworks/AudioSession.framework/libSessionUtility.dylib
0x00007ff828db1000 	/System/Library/PrivateFrameworks/AudioResourceArbitration.framework/Versions/A/AudioResourceArbitration
0x00007ff82ced9000 	/System/Library/PrivateFrameworks/PowerLog.framework/Versions/A/PowerLog
0x00007ff82ce17000 	/System/Library/Frameworks/CoreBluetooth.framework/Versions/A/CoreBluetooth
0x00007ff830016000 	/System/Library/Frameworks/AudioUnit.framework/Versions/A/AudioUnit
0x00007ff823c7a000 	/System/Library/PrivateFrameworks/CoreUtils.framework/Versions/A/CoreUtils
0x00007ffb1daca000 	/System/Library/PrivateFrameworks/CoreUtilsExtras.framework/Versions/A/CoreUtilsExtras
0x00007ffb22aa3000 	/System/Library/PrivateFrameworks/IO80211.framework/Versions/A/IO80211
0x00007ff8267ba000 	/System/Library/PrivateFrameworks/IconFoundation.framework/Versions/A/IconFoundation
0x00007ff82becf000 	/System/Library/PrivateFrameworks/SpeechRecognitionCore.framework/Versions/A/SpeechRecognitionCore
0x000000010c3a5000 	/Library/Java/JavaVirtualMachines/temurin-8.jdk/Contents/Home/jre/lib/server/libjvm.dylib
0x000000010b5c0000 	/Library/Java/JavaVirtualMachines/temurin-8.jdk/Contents/Home/jre/lib/libverify.dylib
0x000000010b62c000 	/Library/Java/JavaVirtualMachines/temurin-8.jdk/Contents/Home/jre/lib/libjava.dylib
0x000000010b5f5000 	/Library/Java/JavaVirtualMachines/temurin-8.jdk/Contents/Home/jre/lib/libzip.dylib
0x00000001288f7000 	/Library/Java/JavaVirtualMachines/temurin-8.jdk/Contents/Home/jre/lib/libnio.dylib
0x000000012894e000 	/Library/Java/JavaVirtualMachines/temurin-8.jdk/Contents/Home/jre/lib/libnet.dylib
0x000000012a6fa000 	/private/var/folders/hy/n4z7mhws1cx4245h2rg8whzr0000gn/T/libgdxmicaaguero/25a8e9fb/libgdx64.dylib
0x00007ff91ce05000 	/usr/lib/libstdc++.6.dylib
0x000000012a83e000 	/Library/Java/JavaVirtualMachines/temurin-8.jdk/Contents/Home/jre/lib/libawt.dylib
0x000000012aa70000 	/Library/Java/JavaVirtualMachines/temurin-8.jdk/Contents/Home/jre/lib/libmlib_image.dylib
0x00007ffa34517000 	/System/Library/Frameworks/JavaNativeFoundation.framework/Versions/A/JavaNativeFoundation
0x00007ffa34523000 	/System/Library/Frameworks/JavaRuntimeSupport.framework/Versions/A/JavaRuntimeSupport
0x00007ff91bda8000 	/System/Library/Frameworks/Carbon.framework/Versions/A/Carbon
0x00007ff82e1e2000 	/System/Library/PrivateFrameworks/CoreSymbolication.framework/Versions/A/CoreSymbolication
0x00007ff833b8b000 	/System/Library/Frameworks/Carbon.framework/Versions/A/Frameworks/CommonPanels.framework/Versions/A/CommonPanels
0x00007ff82f976000 	/System/Library/Frameworks/Carbon.framework/Versions/A/Frameworks/Help.framework/Versions/A/Help
0x00007ff833b8f000 	/System/Library/Frameworks/Carbon.framework/Versions/A/Frameworks/ImageCapture.framework/Versions/A/ImageCapture
0x00007ff833b67000 	/System/Library/Frameworks/Carbon.framework/Versions/A/Frameworks/OpenScripting.framework/Versions/A/OpenScripting
0x00007ff833b87000 	/System/Library/Frameworks/Carbon.framework/Versions/A/Frameworks/Ink.framework/Versions/A/Ink
0x00007ff91bda4000 	/System/Library/Frameworks/Carbon.framework/Versions/A/Frameworks/Print.framework/Versions/A/Print
0x00007ff833b83000 	/System/Library/Frameworks/Carbon.framework/Versions/A/Frameworks/SecurityHI.framework/Versions/A/SecurityHI
0x00007ff82e1a3000 	/System/Library/PrivateFrameworks/DebugSymbols.framework/Versions/A/DebugSymbols
0x000000012ad08000 	/Library/Java/JavaVirtualMachines/temurin-8.jdk/Contents/Home/jre/lib/libawt_lwawt.dylib
0x000000012a7a6000 	/Library/Java/JavaVirtualMachines/temurin-8.jdk/Contents/Home/jre/lib/libosxapp.dylib
0x00007ff91b04d000 	/System/Library/Frameworks/ExceptionHandling.framework/Versions/A/ExceptionHandling
0x00007ff82d4c7000 	/System/Library/Frameworks/FileProvider.framework/Versions/A/FileProvider
0x00007ff81e8f0000 	/System/Library/Frameworks/Accounts.framework/Versions/A/Accounts
0x00007ff820bad000 	/System/Library/PrivateFrameworks/UserManagement.framework/Versions/A/UserManagement
0x00007ff82d661000 	/System/Library/PrivateFrameworks/GenerationalStorage.framework/Versions/A/GenerationalStorage
0x00007ff82cece000 	/System/Library/PrivateFrameworks/SymptomDiagnosticReporter.framework/Versions/A/SymptomDiagnosticReporter
0x00007ff81c7ba000 	/System/Library/PrivateFrameworks/DesktopServicesPriv.framework/Versions/A/DesktopServicesPriv
0x00007ff81b57c000 	/usr/lib/libsandbox.1.dylib
0x00007ff828d92000 	/System/Library/PrivateFrameworks/NetAuth.framework/Versions/A/NetAuth
0x00007ff829dc6000 	/System/Library/PrivateFrameworks/Sharing.framework/Versions/A/Sharing
0x00007ff820b73000 	/System/Library/PrivateFrameworks/login.framework/Versions/A/Frameworks/loginsupport.framework/Versions/A/loginsupport
0x00007ff82f4e4000 	/System/Library/PrivateFrameworks/Apple80211.framework/Versions/A/Apple80211
0x00007ff8246b7000 	/System/Library/PrivateFrameworks/AuthKit.framework/Versions/A/AuthKit
0x00007ff823bff000 	/System/Library/Frameworks/CoreWLAN.framework/Versions/A/CoreWLAN
0x00007ff82f4e8000 	/System/Library/PrivateFrameworks/CoreWiFi.framework/Versions/A/CoreWiFi
0x00007ffa21125000 	/System/Library/PrivateFrameworks/WiFiPeerToPeer.framework/Versions/A/WiFiPeerToPeer
0x00007ff82dd4a000 	/System/Library/PrivateFrameworks/FrontBoardServices.framework/Versions/A/FrontBoardServices
0x00007ff82dde3000 	/System/Library/PrivateFrameworks/BoardServices.framework/Versions/A/BoardServices
0x00007ff82f684000 	/System/Library/PrivateFrameworks/BackBoardServices.framework/Versions/A/BackBoardServices
0x00007ff824830000 	/System/Library/Frameworks/UserNotifications.framework/Versions/A/UserNotifications
0x00007ff829248000 	/System/Library/PrivateFrameworks/CorePhoneNumbers.framework/Versions/A/CorePhoneNumbers
0x00007ff828a8f000 	/System/Library/PrivateFrameworks/MultiverseSupport.framework/Versions/A/MultiverseSupport
0x00007ff82f8ff000 	/System/Library/PrivateFrameworks/RemoteServiceDiscovery.framework/Versions/A/RemoteServiceDiscovery
0x00007ff82cfe8000 	/System/Library/PrivateFrameworks/DiskManagement.framework/Versions/A/DiskManagement
0x00007ff82cf00000 	/System/Library/PrivateFrameworks/AppleIDAuthSupport.framework/Versions/A/AppleIDAuthSupport
0x00007ffa380fe000 	/System/Library/PrivateFrameworks/AAAFoundation.framework/Versions/A/AAAFoundation
0x00007ff829221000 	/System/Library/PrivateFrameworks/KeychainCircle.framework/Versions/A/KeychainCircle
0x00007ff82f913000 	/System/Library/PrivateFrameworks/RemoteXPC.framework/Versions/A/RemoteXPC
0x00007ff82cfb4000 	/System/Library/PrivateFrameworks/MediaKit.framework/Versions/A/MediaKit
0x00007ff82cf0c000 	/System/Library/Frameworks/DiscRecording.framework/Versions/A/DiscRecording
0x00007ff8266ba000 	/usr/lib/libCoreStorage.dylib
0x00007ff82f97e000 	/usr/lib/libcsfde.dylib
0x00007ff82a01c000 	/System/Library/PrivateFrameworks/ProtectedCloudStorage.framework/Versions/A/ProtectedCloudStorage
0x00007ff82f97a000 	/System/Library/PrivateFrameworks/EFILogin.framework/Versions/A/EFILogin
0x00007ff82d687000 	/System/Library/PrivateFrameworks/OctagonTrust.framework/Versions/A/OctagonTrust
0x00007ff8266b2000 	/usr/lib/libMatch.1.dylib
0x00007ff924d9a000 	/System/Library/CoreServices/RawCamera.bundle/Contents/MacOS/RawCamera
0x00007ff82915f000 	/System/Library/PrivateFrameworks/MobileAsset.framework/Versions/A/MobileAsset
0x00007ff922663000 	/System/Library/PrivateFrameworks/SoftwareUpdateCoreSupport.framework/Versions/A/SoftwareUpdateCoreSupport
0x00007ff928acd000 	/System/Library/PrivateFrameworks/SoftwareUpdateCoreConnect.framework/Versions/A/SoftwareUpdateCoreConnect
0x00007ff83003a000 	/System/Library/PrivateFrameworks/StreamingZip.framework/Versions/A/StreamingZip
0x00007ff922325000 	/System/Library/PrivateFrameworks/MSUDataAccessor.framework/Versions/A/MSUDataAccessor
0x00007ff91e7c0000 	/usr/lib/libbootpolicy.dylib
0x00007ff92f4f1000 	/usr/lib/libpartition2_dynamic.dylib
0x00007ffb1a66c000 	/System/Library/PrivateFrameworks/CMPhoto.framework/Versions/A/CMPhoto
0x00007ff82e076000 	/System/Library/PrivateFrameworks/AppleVPA.framework/Versions/A/AppleVPA
0x00007ff827a79000 	/System/Library/Frameworks/MediaToolbox.framework/Versions/A/MediaToolbox
0x00007ff82d497000 	/System/Library/PrivateFrameworks/CoreAVCHD.framework/Versions/A/CoreAVCHD
0x00007ff82c5d5000 	/System/Library/Frameworks/MediaAccessibility.framework/Versions/A/MediaAccessibility
0x00007ff82d493000 	/System/Library/PrivateFrameworks/Mangrove.framework/Versions/A/Mangrove
0x00007ff82d0d8000 	/System/Library/PrivateFrameworks/CoreAUC.framework/Versions/A/CoreAUC
0x00007ff921d15000 	/System/Library/Frameworks/Accelerate.framework/Versions/A/Frameworks/vImage.framework/Versions/A/Libraries/libCGInterfaces.dylib
0x000000012da82000 	/usr/lib/libobjc-trampolines.dylib
0x00007ffb37836000 	/usr/lib/libAccessibilityBaseImplementations.dylib
0x00007ff82088c000 	/System/Library/PrivateFrameworks/ViewBridge.framework/Versions/A/ViewBridge
0x000000012f1cc000 	/Library/Java/JavaVirtualMachines/temurin-8.jdk/Contents/Home/jre/lib/libfontmanager.dylib
0x000000012f398000 	/Library/Java/JavaVirtualMachines/temurin-8.jdk/Contents/Home/jre/lib/libfreetype.6.dylib
0x000000012f563000 	/private/var/folders/hy/n4z7mhws1cx4245h2rg8whzr0000gn/T/libgdxmicaaguero/f7649394/liblwjgl.dylib
0x000000012f158000 	/Library/Java/JavaVirtualMachines/temurin-8.jdk/Contents/Home/jre/lib/libjawt.dylib
0x000000012f666000 	/private/var/folders/hy/n4z7mhws1cx4245h2rg8whzr0000gn/T/libgdxmicaaguero/f7649394/openal.dylib
0x000000012f9f0000 	/System/Library/Components/CoreAudio.component/Contents/MacOS/CoreAudio
0x00007ff91c19f000 	/System/Library/Frameworks/AVFoundation.framework/Versions/A/AVFoundation
0x00007ff82db43000 	/System/Library/PrivateFrameworks/AVFCore.framework/Versions/A/AVFCore
0x00007ff83555f000 	/System/Library/PrivateFrameworks/AVFCapture.framework/Versions/A/AVFCapture
0x00007ff91ac98000 	/System/Library/PrivateFrameworks/AirPlaySync.framework/Versions/A/AirPlaySync
0x00007ffb1a63e000 	/System/Library/PrivateFrameworks/CMImaging.framework/Versions/A/CMImaging
0x00007ff8356df000 	/System/Library/PrivateFrameworks/Quagga.framework/Versions/A/Quagga
0x00007ff8357cd000 	/System/Library/PrivateFrameworks/CMCapture.framework/Versions/A/CMCapture
0x00007ff828b5e000 	/System/Library/Frameworks/CoreMediaIO.framework/Versions/A/CoreMediaIO
0x00007ff91ce59000 	/System/Library/PrivateFrameworks/LoggingSupport.framework/Versions/A/LoggingSupport
0x00007ffa304c0000 	/System/Library/Frameworks/OpenGL.framework/Versions/A/Resources/GLEngine.bundle/GLEngine
0x00007ffa30331000 	/System/Library/Frameworks/OpenGL.framework/Versions/A/Libraries/libGLProgrammability.dylib
0x000000012f844000 	/System/Library/Extensions/AppleMetalOpenGLRenderer.bundle/Contents/MacOS/AppleMetalOpenGLRenderer
0x00007ffa30642000 	/System/Library/Frameworks/OpenGL.framework/Versions/A/Resources/GLRendererFloat.bundle/GLRendererFloat
0x00007ffa2a7e4000 	/System/Library/Extensions/AGXMetalG13X.bundle/Contents/MacOS/AGXMetalG13X
0x00007ff91cf0c000 	/System/Library/PrivateFrameworks/GPURawCounter.framework/Versions/A/GPURawCounter
0x00007ff8367d7000 	/System/Library/PrivateFrameworks/IOGPU.framework/Versions/A/IOGPU
0x00007ff826e21000 	/System/Library/PrivateFrameworks/login.framework/Versions/A/login
0x00007ff82c609000 	/System/Library/PrivateFrameworks/SystemAdministration.framework/Versions/A/SystemAdministration
0x00007ff82be9b000 	/System/Library/Frameworks/DirectoryService.framework/Versions/A/DirectoryService
0x00007ff82f817000 	/System/Library/PrivateFrameworks/DiskImages.framework/Versions/A/DiskImages
0x00007ff823ece000 	/System/Library/Frameworks/ServiceManagement.framework/Versions/A/ServiceManagement
0x00007ff82fa02000 	/System/Library/PrivateFrameworks/LoginUIKit.framework/Versions/A/Frameworks/LoginUICore.framework/Versions/A/LoginUICore
0x00007ff826fd9000 	/usr/lib/libodfde.dylib
0x00007ff82f98a000 	/usr/lib/libcurl.4.dylib
0x00007ffb37f3a000 	/usr/lib/libcrypto.46.dylib
0x00007ffc1869a000 	/usr/lib/libssl.48.dylib
0x00007ff82f6a5000 	/System/Library/Frameworks/LDAP.framework/Versions/A/LDAP
0x00007ff82f6e1000 	/System/Library/PrivateFrameworks/TrustEvaluationAgent.framework/Versions/A/TrustEvaluationAgent
0x00007ff828a7b000 	/usr/lib/libsasl2.2.dylib

VM Arguments:
jvm_args: -Duser.language=es_419 -Dfile.encoding=UTF-8 
java_command: org.uqbar.project.wollok.launch.WollokLauncher -requestsPort 0 -eventsPort 0 -folder -dontValidate -coercingStrategy decimals -wf src/juego.wpgm -darkMode
java_class_path (initial): /Users/micaaguero/git/2023-o-tpi-game-napuleones22/bin:/Users/micaaguero/Desktop/mimi/Wollok.app/Contents/Eclipse/plugins/com.ibm.icu_64.2.0.v20190507-1337.jar:/Users/micaaguero/Desktop/mimi/Wollok.app/Contents/Eclipse/plugins/org.eclipse.xtext_2.20.0.v20191202-0915.jar:/Users/micaaguero/Desktop/mimi/Wollok.app/Contents/Eclipse/plugins/org.eclipse.emf.ecore.xmi_2.16.0.v20190528-0725.jar:/Users/micaaguero/Desktop/mimi/Wollok.app/Contents/Eclipse/plugins/org.eclipse.emf.ecore_2.20.0.v20190920-0401.jar:/Users/micaaguero/Desktop/mimi/Wollok.app/Contents/Eclipse/plugins/org.eclipse.emf.common_2.17.0.v20190920-0401.jar:/Users/micaaguero/Desktop/mimi/Wollok.app/Contents/Eclipse/plugins/org.antlr.runtime_3.2.0.v201101311130.jar:/Users/micaaguero/Desktop/mimi/Wollok.app/Contents/Eclipse/plugins/com.google.inject_3.0.0.v201605172100.jar:/Users/micaaguero/Desktop/mimi/Wollok.app/Contents/Eclipse/plugins/org.eclipse.emf.mwe.core_1.5.1.v20191121-1148.jar:/Users/micaaguero/Desktop/mimi/Wollok.app/Contents/Eclipse/plugins/org.apache.commons.cli_1.2.0.v201404270220.jar:/Users/micaaguero/Desktop/mimi/Wollok.app/Contents/Eclipse/plugins/org.eclipse.emf.mwe2.runtime_2.11.1.v20191121-1148.jar:/Users/micaaguero/Desktop/mimi/Wollok.app/Contents/Eclipse/plugins/org.eclipse.emf.mwe.utils_1.5.1.v20191121-1148.jar:/Users/micaaguero/Desktop/mimi/Wollok.app/Contents/Eclipse/plugins/org.eclipse.xtext.util_2.20.0.v20191202-0915.jar:/Users/micaaguero/Desktop/mimi/Wollok.app/Contents/Eclipse/plugins/com.google.guava_27.1.0.v20190517-1946.jar:/Users/micaaguero/Desktop/mimi/Wollok.app/Contents/Eclipse/plugins/javax.inject_1.0.0.v20091030.jar:/Users/micaaguero/Desktop/mimi/Wollok.app/Contents/Eclipse/plugins/org.eclipse.xtext.generator_2.20.0.v20191202-0933.jar:/Users/micaaguero/Desktop/mimi/Wollok.app/Contents/Eclipse/plugins/org.eclipse.xtext.xtext.generator_2.20.0.v20191202-0915.jar:/Users/micaaguero/Desktop/mimi/Wollok.app/Contents/Eclipse/plugins/org.eclipse.xtext.xb
Launcher Type: SUN_STANDARD

Environment Variables:
PATH=/usr/bin:/bin:/usr/sbin:/sbin
SHELL=/bin/zsh

Signal Handlers:
SIGSEGV: [libjvm.dylib+0x59c663], sa_mask[0]=11111111111111111111111111111111, sa_flags=SA_ONSTACK|SA_RESTART|SA_SIGINFO
SIGBUS: [libjvm.dylib+0x59c663], sa_mask[0]=11111111111111111111111111111111, sa_flags=SA_RESTART|SA_SIGINFO
SIGFPE: [libjvm.dylib+0x48f12b], sa_mask[0]=11111111111111111111111111111111, sa_flags=SA_RESTART|SA_SIGINFO
SIGPIPE: [libjvm.dylib+0x48f12b], sa_mask[0]=11111111111111111111111111111111, sa_flags=SA_RESTART|SA_SIGINFO
SIGXFSZ: [libjvm.dylib+0x48f12b], sa_mask[0]=11111111111111111111111111111111, sa_flags=SA_RESTART|SA_SIGINFO
SIGILL: [libjvm.dylib+0x48f12b], sa_mask[0]=11111111111111111111111111111111, sa_flags=SA_RESTART|SA_SIGINFO
SIGUSR1: SIG_DFL, sa_mask[0]=00000000000000000000000000000000, sa_flags=none
SIGUSR2: [libjvm.dylib+0x48fa22], sa_mask[0]=00100000000000000000000000000000, sa_flags=SA_RESTART|SA_SIGINFO
SIGHUP: [libjvm.dylib+0x48dc15], sa_mask[0]=11111111111111111111111111111111, sa_flags=SA_RESTART|SA_SIGINFO
SIGINT: [libjvm.dylib+0x48dc15], sa_mask[0]=11111111111111111111111111111111, sa_flags=SA_RESTART|SA_SIGINFO
SIGTERM: [libjvm.dylib+0x48dc15], sa_mask[0]=11111111111111111111111111111111, sa_flags=SA_RESTART|SA_SIGINFO
SIGQUIT: [libjvm.dylib+0x48dc15], sa_mask[0]=11111111111111111111111111111111, sa_flags=SA_RESTART|SA_SIGINFO


---------------  S Y S T E M  ---------------

OS:Bsduname:Darwin 22.6.0 Darwin Kernel Version 22.6.0: Wed Jul  5 22:22:05 PDT 2023; root:xnu-8796.141.3~6/RELEASE_ARM64_T6000 x86_64
rlimit: STACK 8176k, CORE 0k, NPROC 2666, NOFILE 10240, AS infinity
load average:2.27 2.07 2.07

CPU:total 10 (initial active 10) (1 cores per cpu, 1 threads per core) family 6 model 44 stepping 0, cmov, cx8, fxsr, mmx, sse, sse2, sse3, ssse3, sse4.1, sse4.2, popcnt, aes, clmul, tsc, tscinvbit, tscinv

Memory: 4k page, physical 16777216k(92424k free)

/proc/meminfo:


vm_info: OpenJDK 64-Bit Server VM (25.382-b05) for bsd-amd64 JRE (1.8.0_382-b05), built on Jul 19 2023 16:41:04 by "jenkins" with gcc 4.2.1 Compatible Apple LLVM 10.0.1 (clang-1001.0.46.4)

time: Fri Nov  3 19:11:42 2023
timezone: -03
elapsed time: 7.409655 seconds (0d 0h 0m 7s)

