#
# A fatal error has been detected by the Java Runtime Environment:
#
#  EXCEPTION_ACCESS_VIOLATION (0xc0000005) at pc=0x000002741d911066, pid=15212, tid=0x00000000000004fc
#
# JRE version: OpenJDK Runtime Environment (8.0_382-b05) (build 1.8.0_382-b05)
# Java VM: OpenJDK 64-Bit Server VM (25.382-b05 mixed mode windows-amd64 compressed oops)
# Problematic frame:
# C  [OpenAL64.dll+0x11066]
#
# Failed to write core dump. Minidumps are not enabled by default on client versions of Windows
#
# If you would like to submit a bug report, please visit:
#   https://github.com/adoptium/adoptium-support/issues
# The crash happened outside the Java Virtual Machine in native code.
# See problematic frame for where to report the bug.
#

---------------  T H R E A D  ---------------

Current thread (0x000002747b457800):  JavaThread "main" [_thread_in_native, id=1276, stack(0x000000dc69c00000,0x000000dc69d00000)]

siginfo: ExceptionCode=0xc0000005, reading address 0x000002741dc5a004

Registers:
RAX=0x0000000000000004, RBX=0x000002741f0f0090, RCX=0x000002741dc5a008, RDX=0x000002741dc5a004
RSP=0x000000dc69cfce30, RBP=0x00000000000000ff, RSI=0x000002741dc4eefc, RDI=0x0000000000000000
R8 =0x0000000000002c42, R9 =0x000002741dc4eefc, R10=0x0000027400019622, R11=0x000000005f6f8ee0
R12=0x0000000000000001, R13=0x000002741ea641e0, R14=0x000000dc69cfcfd0, R15=0x000002747b457800
RIP=0x000002741d911066, EFLAGS=0x0000000000010202

Top of Stack: (sp=0x000000dc69cfce30)
0x000000dc69cfce30:   0000000000000000 000002747b457800
0x000000dc69cfce40:   000000dc69cfcfd0 000002741ea641e0
0x000000dc69cfce50:   000002741ea641e0 0000000000000000
0x000000dc69cfce60:   000002747b457800 0000000000000000
0x000000dc69cfce70:   000000dc69cfcf98 000000005f58f1eb
0x000000dc69cfce80:   000000dc69cfceb0 000002740005a2d3
0x000000dc69cfce90:   000002747b4250b0 000002747b458310
0x000000dc69cfcea0:   000002747b457800 000000dc69cfcfd0
0x000000dc69cfceb0:   000002741ea641e0 0000000000000000
0x000000dc69cfcec0:   000002741dc4eefc 0000000000000248
0x000000dc69cfced0:   000000dc69cfcf98 000002741d91248f
0x000000dc69cfcee0:   000002741f0f0090 000002741f0f0090
0x000000dc69cfcef0:   000002740000ac44 0000027400000004
0x000000dc69cfcf00:   0000027400007bd0 000002740001964e
0x000000dc69cfcf10:   000002741ea641e0 0000000000000248
0x000000dc69cfcf20:   0000027400007bd0 000002740001935b 

Instructions: (pc=0x000002741d911066)
0x000002741d911046:   41 2b ec 81 3a 03 00 02 00 75 09 8b 01 89 84 24
0x000002741d911056:   c8 00 00 00 49 83 c0 02 48 83 c1 08 4a 8d 14 86
0x000002741d911066:   39 3a 75 af 4c 8d 84 24 c0 00 00 00 48 8d 15 d7
0x000002741d911076:   2b 03 00 33 c9 e8 58 5f 00 00 b8 40 1f 00 00 4c 


Register to memory mapping:

RAX=0x0000000000000004 is an unknown value
RBX=0x000002741f0f0090 is an unknown value
RCX=0x000002741dc5a008 is an unknown value
RDX=0x000002741dc5a004 is an unknown value
RSP=0x000000dc69cfce30 is pointing into the stack for thread: 0x000002747b457800
RBP=0x00000000000000ff is an unknown value
RSI=0x000002741dc4eefc is an unknown value
RDI=0x0000000000000000 is an unknown value
R8 =0x0000000000002c42 is an unknown value
R9 =0x000002741dc4eefc is an unknown value
R10=0x0000027400019622 is at code_begin+962 in an Interpreter codelet
method entry point (kind = native)  [0x0000027400019260, 0x0000027400019d00]  2720 bytes
R11=0x000000005f6f8ee0 is an unknown value
R12=0x0000000000000001 is an unknown value
R13={method} {0x000002741ea641e8} 'nalcCreateContext' '(JJ)J' in 'org/lwjgl/openal/ALC10'
R14=0x000000dc69cfcfd0 is pointing into the stack for thread: 0x000002747b457800
R15=0x000002747b457800 is a thread


Stack: [0x000000dc69c00000,0x000000dc69d00000],  sp=0x000000dc69cfce30,  free space=1011k
Native frames: (J=compiled Java code, j=interpreted, Vv=VM code, C=native code)
C  [OpenAL64.dll+0x11066]
C  [OpenAL64.dll+0x1248f]
C  0x000002740001964e

Java frames: (J=compiled Java code, j=interpreted, Vv=VM code)
j  org.lwjgl.openal.ALC10.nalcCreateContext(JJ)J+0
j  org.lwjgl.openal.ALC10.alcCreateContext(Lorg/lwjgl/openal/ALCdevice;Ljava/nio/IntBuffer;)Lorg/lwjgl/openal/ALCcontext;+8
j  org.lwjgl.openal.AL.init(Ljava/lang/String;IIZZ)V+69
j  org.lwjgl.openal.AL.create(Ljava/lang/String;IIZZ)V+246
j  org.lwjgl.openal.AL.create(Ljava/lang/String;IIZ)V+5
j  org.lwjgl.openal.AL.create()V+6
j  com.badlogic.gdx.backends.lwjgl.audio.OpenALAudio.<init>(III)V+114
j  com.badlogic.gdx.backends.lwjgl.LwjglApplication.<init>(Lcom/badlogic/gdx/ApplicationListener;Lcom/badlogic/gdx/backends/lwjgl/LwjglApplicationConfiguration;Lcom/badlogic/gdx/backends/lwjgl/LwjglGraphics;)V+120
j  com.badlogic.gdx.backends.lwjgl.LwjglApplication.<init>(Lcom/badlogic/gdx/ApplicationListener;Lcom/badlogic/gdx/backends/lwjgl/LwjglApplicationConfiguration;)V+11
j  org.uqbar.project.wollok.game.gameboard.WollokGDXApplication.<init>(Lorg/uqbar/project/wollok/game/gameboard/Gameboard;Ljava/lang/Boolean;)V+17
j  org.uqbar.project.wollok.game.helpers.Application.start(Lorg/uqbar/project/wollok/game/gameboard/Gameboard;Ljava/lang/Boolean;)V+5
j  org.uqbar.project.wollok.game.gameboard.Gameboard.start(Ljava/lang/Boolean;)V+13
j  wollok.game.GameObject.doStart(Ljava/lang/Boolean;)V+12
v  ~StubRoutines::call_stub
j  sun.reflect.NativeMethodAccessorImpl.invoke0(Ljava/lang/reflect/Method;Ljava/lang/Object;[Ljava/lang/Object;)Ljava/lang/Object;+0
j  sun.reflect.NativeMethodAccessorImpl.invoke(Ljava/lang/Object;[Ljava/lang/Object;)Ljava/lang/Object;+100
J 2900 C1 sun.reflect.DelegatingMethodAccessorImpl.invoke(Ljava/lang/Object;[Ljava/lang/Object;)Ljava/lang/Object; (10 bytes) @ 0x0000027400b2c44c [0x0000027400b2c340+0x10c]
J 2899 C1 java.lang.reflect.Method.invoke(Ljava/lang/Object;[Ljava/lang/Object;)Ljava/lang/Object; (62 bytes) @ 0x0000027400b2ceb4 [0x0000027400b2cac0+0x3f4]
j  org.uqbar.project.wollok.ui.utils.XTendUtilExtensions.invokeConvertingArgs(Ljava/lang/reflect/Method;Ljava/lang/Object;[Ljava/lang/Object;)Lorg/uqbar/project/wollok/interpreter/core/WollokObject;+261
j  org.uqbar.project.wollok.interpreter.AbstractWollokCallable._invokeNative(Ljava/lang/Object;Ljava/lang/String;[Lorg/uqbar/project/wollok/interpreter/core/WollokObject;)Lorg/uqbar/project/wollok/interpreter/core/WollokObject;+41
j  org.uqbar.project.wollok.interpreter.AbstractWollokCallable.invokeNative(Ljava/lang/Object;Ljava/lang/String;[Lorg/uqbar/project/wollok/interpreter/core/WollokObject;)Lorg/uqbar/project/wollok/interpreter/core/WollokObject;+26
j  org.uqbar.project.wollok.interpreter.AbstractWollokCallable$1.apply()Lorg/uqbar/project/wollok/interpreter/core/WollokObject;+55
j  org.uqbar.project.wollok.interpreter.AbstractWollokCallable$1.apply()Ljava/lang/Object;+1
j  org.uqbar.project.wollok.interpreter.threads.WThread.performOnStack(Lorg/eclipse/emf/ecore/EObject;Lorg/uqbar/project/wollok/interpreter/context/EvaluationContext;Lorg/eclipse/xtext/xbase/lib/Functions$Function0;)Lorg/uqbar/project/wollok/interpreter/core/WollokObject;+29
j  org.uqbar.project.wollok.interpreter.WollokInterpreter.performOnStack(Lorg/eclipse/emf/ecore/EObject;Lorg/uqbar/project/wollok/interpreter/context/EvaluationContext;Lorg/eclipse/xtext/xbase/lib/Functions$Function0;)Lorg/uqbar/project/wollok/interpreter/core/WollokObject;+7
j  org.uqbar.project.wollok.interpreter.AbstractWollokCallable.call(Lorg/uqbar/project/wollok/wollokDsl/WMethodDeclaration;[Lorg/uqbar/project/wollok/interpreter/core/WollokObject;)Lorg/uqbar/project/wollok/interpreter/core/WollokObject;+38
j  org.uqbar.project.wollok.interpreter.core.WollokObject.call(Ljava/lang/String;[Lorg/uqbar/project/wollok/interpreter/core/WollokObject;)Lorg/uqbar/project/wollok/interpreter/core/WollokObject;+55
j  org.uqbar.project.wollok.interpreter.WollokInterpreterEvaluator._evaluate(Lorg/uqbar/project/wollok/wollokDsl/WFeatureCall;)Lorg/uqbar/project/wollok/interpreter/core/WollokObject;+119
j  org.uqbar.project.wollok.launch.WollokLauncherInterpreterEvaluator.evaluate(Lorg/eclipse/emf/ecore/EObject;)Lorg/uqbar/project/wollok/interpreter/core/WollokObject;+412
j  org.uqbar.project.wollok.interpreter.WollokInterpreterEvaluator.evaluate(Lorg/eclipse/emf/ecore/EObject;)Ljava/lang/Object;+2
j  org.uqbar.project.wollok.interpreter.WollokInterpreter.eval(Lorg/eclipse/emf/ecore/EObject;)Lorg/uqbar/project/wollok/interpreter/core/WollokObject;+63
j  org.uqbar.project.wollok.interpreter.WollokInterpreterEvaluator.eval(Lorg/eclipse/emf/ecore/EObject;)Lorg/uqbar/project/wollok/interpreter/core/WollokObject;+5
j  org.uqbar.project.wollok.interpreter.WollokInterpreterEvaluator$1.apply(Lorg/uqbar/project/wollok/interpreter/core/WollokObject;Lorg/eclipse/emf/ecore/EObject;)Lorg/uqbar/project/wollok/interpreter/core/WollokObject;+5
j  org.uqbar.project.wollok.interpreter.WollokInterpreterEvaluator$1.apply(Ljava/lang/Object;Ljava/lang/Object;)Ljava/lang/Object;+9
j  org.eclipse.xtext.xbase.lib.IteratorExtensions.fold(Ljava/util/Iterator;Ljava/lang/Object;Lorg/eclipse/xtext/xbase/lib/Functions$Function2;)Ljava/lang/Object;+19
j  org.eclipse.xtext.xbase.lib.IterableExtensions.fold(Ljava/lang/Iterable;Ljava/lang/Object;Lorg/eclipse/xtext/xbase/lib/Functions$Function2;)Ljava/lang/Object;+8
j  org.uqbar.project.wollok.interpreter.WollokInterpreterEvaluator.evalAll(Ljava/lang/Iterable;)Lorg/uqbar/project/wollok/interpreter/core/WollokObject;+12
j  org.uqbar.project.wollok.interpreter.WollokInterpreterEvaluator._evaluate(Lorg/uqbar/project/wollok/wollokDsl/WBlockExpression;)Lorg/uqbar/project/wollok/interpreter/core/WollokObject;+34
j  org.uqbar.project.wollok.launch.WollokLauncherInterpreterEvaluator.evaluate(Lorg/eclipse/emf/ecore/EObject;)Lorg/uqbar/project/wollok/interpreter/core/WollokObject;+76
j  org.uqbar.project.wollok.interpreter.WollokInterpreterEvaluator.evaluate(Lorg/eclipse/emf/ecore/EObject;)Ljava/lang/Object;+2
j  org.uqbar.project.wollok.interpreter.WollokInterpreter.eval(Lorg/eclipse/emf/ecore/EObject;)Lorg/uqbar/project/wollok/interpreter/core/WollokObject;+63
j  org.uqbar.project.wollok.interpreter.AbstractWollokCallable.eval(Lorg/eclipse/emf/ecore/EObject;)Lorg/uqbar/project/wollok/interpreter/core/WollokObject;+5
j  org.uqbar.project.wollok.interpreter.AbstractWollokCallable$1.apply()Lorg/uqbar/project/wollok/interpreter/core/WollokObject;+110
j  org.uqbar.project.wollok.interpreter.AbstractWollokCallable$1.apply()Ljava/lang/Object;+1
j  org.uqbar.project.wollok.interpreter.threads.WThread.performOnStack(Lorg/eclipse/emf/ecore/EObject;Lorg/uqbar/project/wollok/interpreter/context/EvaluationContext;Lorg/eclipse/xtext/xbase/lib/Functions$Function0;)Lorg/uqbar/project/wollok/interpreter/core/WollokObject;+29
j  org.uqbar.project.wollok.interpreter.WollokInterpreter.performOnStack(Lorg/eclipse/emf/ecore/EObject;Lorg/uqbar/project/wollok/interpreter/context/EvaluationContext;Lorg/eclipse/xtext/xbase/lib/Functions$Function0;)Lorg/uqbar/project/wollok/interpreter/core/WollokObject;+7
j  org.uqbar.project.wollok.interpreter.AbstractWollokCallable.call(Lorg/uqbar/project/wollok/wollokDsl/WMethodDeclaration;[Lorg/uqbar/project/wollok/interpreter/core/WollokObject;)Lorg/uqbar/project/wollok/interpreter/core/WollokObject;+38
j  org.uqbar.project.wollok.interpreter.core.WollokObject.call(Ljava/lang/String;[Lorg/uqbar/project/wollok/interpreter/core/WollokObject;)Lorg/uqbar/project/wollok/interpreter/core/WollokObject;+55
j  org.uqbar.project.wollok.interpreter.WollokInterpreterEvaluator._evaluate(Lorg/uqbar/project/wollok/wollokDsl/WFeatureCall;)Lorg/uqbar/project/wollok/interpreter/core/WollokObject;+119
j  org.uqbar.project.wollok.launch.WollokLauncherInterpreterEvaluator.evaluate(Lorg/eclipse/emf/ecore/EObject;)Lorg/uqbar/project/wollok/interpreter/core/WollokObject;+412
j  org.uqbar.project.wollok.interpreter.WollokInterpreterEvaluator.evaluate(Lorg/eclipse/emf/ecore/EObject;)Ljava/lang/Object;+2
j  org.uqbar.project.wollok.interpreter.WollokInterpreter.eval(Lorg/eclipse/emf/ecore/EObject;)Lorg/uqbar/project/wollok/interpreter/core/WollokObject;+63
j  org.uqbar.project.wollok.interpreter.WollokInterpreterEvaluator.eval(Lorg/eclipse/emf/ecore/EObject;)Lorg/uqbar/project/wollok/interpreter/core/WollokObject;+5
j  org.uqbar.project.wollok.interpreter.WollokInterpreterEvaluator$1.apply(Lorg/uqbar/project/wollok/interpreter/core/WollokObject;Lorg/eclipse/emf/ecore/EObject;)Lorg/uqbar/project/wollok/interpreter/core/WollokObject;+5
j  org.uqbar.project.wollok.interpreter.WollokInterpreterEvaluator$1.apply(Ljava/lang/Object;Ljava/lang/Object;)Ljava/lang/Object;+9
j  org.eclipse.xtext.xbase.lib.IteratorExtensions.fold(Ljava/util/Iterator;Ljava/lang/Object;Lorg/eclipse/xtext/xbase/lib/Functions$Function2;)Ljava/lang/Object;+19
j  org.eclipse.xtext.xbase.lib.IterableExtensions.fold(Ljava/lang/Iterable;Ljava/lang/Object;Lorg/eclipse/xtext/xbase/lib/Functions$Function2;)Ljava/lang/Object;+8
j  org.uqbar.project.wollok.interpreter.WollokInterpreterEvaluator.evalAll(Ljava/lang/Iterable;)Lorg/uqbar/project/wollok/interpreter/core/WollokObject;+12
j  org.uqbar.project.wollok.interpreter.WollokInterpreterEvaluator._evaluate(Lorg/uqbar/project/wollok/wollokDsl/WProgram;)Lorg/uqbar/project/wollok/interpreter/core/WollokObject;+18
j  org.uqbar.project.wollok.launch.WollokLauncherInterpreterEvaluator.evaluate(Lorg/eclipse/emf/ecore/EObject;)Lorg/uqbar/project/wollok/interpreter/core/WollokObject;+444
j  org.uqbar.project.wollok.interpreter.WollokInterpreterEvaluator.evaluate(Lorg/eclipse/emf/ecore/EObject;)Ljava/lang/Object;+2
j  org.uqbar.project.wollok.interpreter.WollokInterpreter.eval(Lorg/eclipse/emf/ecore/EObject;)Lorg/uqbar/project/wollok/interpreter/core/WollokObject;+63
j  org.uqbar.project.wollok.interpreter.WollokInterpreterEvaluator.eval(Lorg/eclipse/emf/ecore/EObject;)Lorg/uqbar/project/wollok/interpreter/core/WollokObject;+5
j  org.uqbar.project.wollok.launch.WollokLauncherInterpreterEvaluator._evaluate(Lorg/uqbar/project/wollok/wollokDsl/WFile;)Lorg/uqbar/project/wollok/interpreter/core/WollokObject;+32
j  org.uqbar.project.wollok.launch.WollokLauncherInterpreterEvaluator.evaluate(Lorg/eclipse/emf/ecore/EObject;)Lorg/uqbar/project/wollok/interpreter/core/WollokObject;+428
j  org.uqbar.project.wollok.interpreter.WollokInterpreterEvaluator.evaluate(Lorg/eclipse/emf/ecore/EObject;)Ljava/lang/Object;+2
j  org.uqbar.project.wollok.interpreter.WollokInterpreter.interpret(Lorg/eclipse/emf/ecore/EObject;Ljava/lang/Boolean;)Lorg/uqbar/project/wollok/interpreter/core/WollokObject;+25
j  org.uqbar.project.wollok.interpreter.WollokInterpreter.interpret(Lorg/eclipse/emf/ecore/EObject;)Lorg/uqbar/project/wollok/interpreter/core/WollokObject;+8
j  org.uqbar.project.wollok.launch.WollokLauncher.doSomething(Lorg/uqbar/project/wollok/wollokDsl/WFile;Lcom/google/inject/Injector;Ljava/io/File;Lorg/uqbar/project/wollok/launch/WollokLauncherParameters;)V+109
j  org.uqbar.project.wollok.launch.WollokChecker.launch(Ljava/lang/String;Lorg/uqbar/project/wollok/launch/WollokLauncherParameters;)V+31
j  org.uqbar.project.wollok.launch.WollokChecker.doMain([Ljava/lang/String;)V+205
j  org.uqbar.project.wollok.launch.WollokLauncher.main([Ljava/lang/String;)V+8
v  ~StubRoutines::call_stub

---------------  P R O C E S S  ---------------

Java Threads: ( => current thread )
  0x0000027419fdb800 JavaThread "com.google.inject.internal.util.$Finalizer" daemon [_thread_blocked, id=10492, stack(0x000000dc6be00000,0x000000dc6bf00000)]
  0x0000027419ed1800 JavaThread "EMF Reference Cleaner" daemon [_thread_blocked, id=10608, stack(0x000000dc6bd00000,0x000000dc6be00000)]
  0x00000274190bb800 JavaThread "Service Thread" daemon [_thread_blocked, id=24956, stack(0x000000dc6bb00000,0x000000dc6bc00000)]
  0x0000027419054800 JavaThread "C1 CompilerThread11" daemon [_thread_blocked, id=24316, stack(0x000000dc6ba00000,0x000000dc6bb00000)]
  0x0000027419050000 JavaThread "C1 CompilerThread10" daemon [_thread_blocked, id=14820, stack(0x000000dc6b900000,0x000000dc6ba00000)]
  0x0000027419054000 JavaThread "C1 CompilerThread9" daemon [_thread_blocked, id=10768, stack(0x000000dc6b800000,0x000000dc6b900000)]
  0x0000027419050800 JavaThread "C1 CompilerThread8" daemon [_thread_blocked, id=20128, stack(0x000000dc6b700000,0x000000dc6b800000)]
  0x000002741904f000 JavaThread "C2 CompilerThread7" daemon [_thread_blocked, id=16368, stack(0x000000dc6b600000,0x000000dc6b700000)]
  0x000002741903e000 JavaThread "C2 CompilerThread6" daemon [_thread_blocked, id=6488, stack(0x000000dc6b500000,0x000000dc6b600000)]
  0x000002741902c000 JavaThread "C2 CompilerThread5" daemon [_thread_blocked, id=11568, stack(0x000000dc6b400000,0x000000dc6b500000)]
  0x0000027418ff7000 JavaThread "C2 CompilerThread4" daemon [_thread_blocked, id=8236, stack(0x000000dc6b300000,0x000000dc6b400000)]
  0x0000027418feb000 JavaThread "C2 CompilerThread3" daemon [_thread_blocked, id=19060, stack(0x000000dc6b200000,0x000000dc6b300000)]
  0x0000027418fdf000 JavaThread "C2 CompilerThread2" daemon [_thread_blocked, id=20000, stack(0x000000dc6b100000,0x000000dc6b200000)]
  0x0000027418fde800 JavaThread "C2 CompilerThread1" daemon [_thread_blocked, id=14744, stack(0x000000dc6b000000,0x000000dc6b100000)]
  0x0000027418fdd000 JavaThread "C2 CompilerThread0" daemon [_thread_blocked, id=20772, stack(0x000000dc6af00000,0x000000dc6b000000)]
  0x0000027418fd8800 JavaThread "Attach Listener" daemon [_thread_blocked, id=8276, stack(0x000000dc6ae00000,0x000000dc6af00000)]
  0x0000027418fd5800 JavaThread "Signal Dispatcher" daemon [_thread_blocked, id=14100, stack(0x000000dc6ad00000,0x000000dc6ae00000)]
  0x0000027418fb1000 JavaThread "Finalizer" daemon [_thread_blocked, id=18544, stack(0x000000dc6ac00000,0x000000dc6ad00000)]
  0x0000027418fb0800 JavaThread "Reference Handler" daemon [_thread_blocked, id=18220, stack(0x000000dc6ab00000,0x000000dc6ac00000)]
=>0x000002747b457800 JavaThread "main" [_thread_in_native, id=1276, stack(0x000000dc69c00000,0x000000dc69d00000)]

Other Threads:
  0x000002747f257000 VMThread [stack: 0x000000dc6aa00000,0x000000dc6ab00000] [id=3600]
  0x00000274190be000 WatcherThread [stack: 0x000000dc6bc00000,0x000000dc6bd00000] [id=6216]

VM state:not at safepoint (normal execution)

VM Mutex/Monitor currently owned by a thread: None

heap address: 0x00000006c1200000, size: 4078 MB, Compressed Oops mode: Zero based, Oop shift amount: 3
Narrow klass base: 0x0000000000000000, Narrow klass shift: 3
Compressed class space size: 1073741824 Address: 0x00000007c0000000

Heap:
 PSYoungGen      total 141824K, used 15972K [0x000000076b100000, 0x000000077c600000, 0x00000007c0000000)
  eden space 131072K, 12% used [0x000000076b100000,0x000000076c099168,0x0000000773100000)
  from space 10752K, 0% used [0x0000000773100000,0x0000000773100000,0x0000000773b80000)
  to   space 10752K, 0% used [0x000000077bb80000,0x000000077bb80000,0x000000077c600000)
 ParOldGen       total 136192K, used 17711K [0x00000006c1200000, 0x00000006c9700000, 0x000000076b100000)
  object space 136192K, 13% used [0x00000006c1200000,0x00000006c234bcc8,0x00000006c9700000)
 Metaspace       used 21931K, capacity 22194K, committed 22400K, reserved 1069056K
  class space    used 2760K, capacity 2859K, committed 2944K, reserved 1048576K

Card table byte_map: [0x000002747d220000,0x000002747da20000] byte_map_base: 0x0000027479c17000

Marking Bits: (ParMarkBitMap*) 0x000000005fccf810
 Begin Bits: [0x000002740f000000, 0x0000027412fb8000)
 End Bits:   [0x0000027412fb8000, 0x0000027416f70000)

Polling page: 0x000002747b5f0000

CodeCache: size=245760Kb used=13321Kb max_used=13359Kb free=232438Kb
 bounds [0x0000027400000000, 0x0000027400d20000, 0x000002740f000000]
 total_blobs=3946 nmethods=3490 adapters=365
 compilation: enabled

Compilation events (10 events):
Event: 2.726 Thread 0x0000027419054800 nmethod 3485 0x0000027400ce8b50 code [0x0000027400ce8d40, 0x0000027400ce9570]
Event: 2.731 Thread 0x0000027419054000 3486       3       java.nio.DirectByteBuffer::put (18 bytes)
Event: 2.731 Thread 0x0000027419050000 3487       3       java.nio.DirectByteBuffer::ix (10 bytes)
Event: 2.731 Thread 0x0000027419050000 nmethod 3487 0x0000027400ceb690 code [0x0000027400ceb7e0, 0x0000027400ceb938]
Event: 2.731 Thread 0x0000027419054000 nmethod 3486 0x0000027400ceb9d0 code [0x0000027400cebb40, 0x0000027400cebdb8]
Event: 2.732 Thread 0x0000027419050800 3489       3       java.nio.DirectByteBuffer::put (18 bytes)
Event: 2.732 Thread 0x0000027419054800 3490       1       java.nio.DirectByteBuffer::ix (10 bytes)
Event: 2.732 Thread 0x0000027419054800 nmethod 3490 0x0000027400ce8650 code [0x0000027400ce87a0, 0x0000027400ce88b8]
Event: 2.732 Thread 0x0000027419050800 nmethod 3489 0x0000027400ced3d0 code [0x0000027400ced540, 0x0000027400ced7b8]
Event: 2.740 Thread 0x0000027418fdf000 nmethod 3054 0x0000027400cf6450 code [0x0000027400cf6fa0, 0x0000027400cfdd30]

GC Heap History (8 events):
Event: 0.814 GC heap before
{Heap before GC invocations=1 (full 0):
 PSYoungGen      total 76288K, used 64993K [0x000000076b100000, 0x0000000770600000, 0x00000007c0000000)
  eden space 65536K, 99% used [0x000000076b100000,0x000000076f078668,0x000000076f100000)
  from space 10752K, 0% used [0x000000076fb80000,0x000000076fb80000,0x0000000770600000)
  to   space 10752K, 0% used [0x000000076f100000,0x000000076f100000,0x000000076fb80000)
 ParOldGen       total 175104K, used 0K [0x00000006c1200000, 0x00000006cbd00000, 0x000000076b100000)
  object space 175104K, 0% used [0x00000006c1200000,0x00000006c1200000,0x00000006cbd00000)
 Metaspace       used 10209K, capacity 10396K, committed 10624K, reserved 1058816K
  class space    used 1213K, capacity 1288K, committed 1408K, reserved 1048576K
Event: 0.823 GC heap after
Heap after GC invocations=1 (full 0):
 PSYoungGen      total 76288K, used 10741K [0x000000076b100000, 0x0000000774600000, 0x00000007c0000000)
  eden space 65536K, 0% used [0x000000076b100000,0x000000076b100000,0x000000076f100000)
  from space 10752K, 99% used [0x000000076f100000,0x000000076fb7d688,0x000000076fb80000)
  to   space 10752K, 0% used [0x0000000773b80000,0x0000000773b80000,0x0000000774600000)
 ParOldGen       total 175104K, used 2208K [0x00000006c1200000, 0x00000006cbd00000, 0x000000076b100000)
  object space 175104K, 1% used [0x00000006c1200000,0x00000006c1428048,0x00000006cbd00000)
 Metaspace       used 10209K, capacity 10396K, committed 10624K, reserved 1058816K
  class space    used 1213K, capacity 1288K, committed 1408K, reserved 1048576K
}
Event: 1.468 GC heap before
{Heap before GC invocations=2 (full 0):
 PSYoungGen      total 76288K, used 76277K [0x000000076b100000, 0x0000000774600000, 0x00000007c0000000)
  eden space 65536K, 100% used [0x000000076b100000,0x000000076f100000,0x000000076f100000)
  from space 10752K, 99% used [0x000000076f100000,0x000000076fb7d688,0x000000076fb80000)
  to   space 10752K, 0% used [0x0000000773b80000,0x0000000773b80000,0x0000000774600000)
 ParOldGen       total 175104K, used 2208K [0x00000006c1200000, 0x00000006cbd00000, 0x000000076b100000)
  object space 175104K, 1% used [0x00000006c1200000,0x00000006c1428048,0x00000006cbd00000)
 Metaspace       used 16683K, capacity 16862K, committed 17024K, reserved 1064960K
  class space    used 2071K, capacity 2131K, committed 2176K, reserved 1048576K
Event: 1.479 GC heap after
Heap after GC invocations=2 (full 0):
 PSYoungGen      total 141824K, used 10720K [0x000000076b100000, 0x0000000774600000, 0x00000007c0000000)
  eden space 131072K, 0% used [0x000000076b100000,0x000000076b100000,0x0000000773100000)
  from space 10752K, 99% used [0x0000000773b80000,0x00000007745f8030,0x0000000774600000)
  to   space 10752K, 0% used [0x0000000773100000,0x0000000773100000,0x0000000773b80000)
 ParOldGen       total 175104K, used 9409K [0x00000006c1200000, 0x00000006cbd00000, 0x000000076b100000)
  object space 175104K, 5% used [0x00000006c1200000,0x00000006c1b304f8,0x00000006cbd00000)
 Metaspace       used 16683K, capacity 16862K, committed 17024K, reserved 1064960K
  class space    used 2071K, capacity 2131K, committed 2176K, reserved 1048576K
}
Event: 2.352 GC heap before
{Heap before GC invocations=3 (full 0):
 PSYoungGen      total 141824K, used 57555K [0x000000076b100000, 0x0000000774600000, 0x00000007c0000000)
  eden space 131072K, 35% used [0x000000076b100000,0x000000076debcf70,0x0000000773100000)
  from space 10752K, 99% used [0x0000000773b80000,0x00000007745f8030,0x0000000774600000)
  to   space 10752K, 0% used [0x0000000773100000,0x0000000773100000,0x0000000773b80000)
 ParOldGen       total 175104K, used 9409K [0x00000006c1200000, 0x00000006cbd00000, 0x000000076b100000)
  object space 175104K, 5% used [0x00000006c1200000,0x00000006c1b304f8,0x00000006cbd00000)
 Metaspace       used 20844K, capacity 21082K, committed 21248K, reserved 1067008K
  class space    used 2640K, capacity 2727K, committed 2816K, reserved 1048576K
Event: 2.363 GC heap after
Heap after GC invocations=3 (full 0):
 PSYoungGen      total 141824K, used 10748K [0x000000076b100000, 0x000000077c600000, 0x00000007c0000000)
  eden space 131072K, 0% used [0x000000076b100000,0x000000076b100000,0x0000000773100000)
  from space 10752K, 99% used [0x0000000773100000,0x0000000773b7f248,0x0000000773b80000)
  to   space 10752K, 0% used [0x000000077bb80000,0x000000077bb80000,0x000000077c600000)
 ParOldGen       total 175104K, used 15504K [0x00000006c1200000, 0x00000006cbd00000, 0x000000076b100000)
  object space 175104K, 8% used [0x00000006c1200000,0x00000006c2124250,0x00000006cbd00000)
 Metaspace       used 20844K, capacity 21082K, committed 21248K, reserved 1067008K
  class space    used 2640K, capacity 2727K, committed 2816K, reserved 1048576K
}
Event: 2.363 GC heap before
{Heap before GC invocations=4 (full 1):
 PSYoungGen      total 141824K, used 10748K [0x000000076b100000, 0x000000077c600000, 0x00000007c0000000)
  eden space 131072K, 0% used [0x000000076b100000,0x000000076b100000,0x0000000773100000)
  from space 10752K, 99% used [0x0000000773100000,0x0000000773b7f248,0x0000000773b80000)
  to   space 10752K, 0% used [0x000000077bb80000,0x000000077bb80000,0x000000077c600000)
 ParOldGen       total 175104K, used 15504K [0x00000006c1200000, 0x00000006cbd00000, 0x000000076b100000)
  object space 175104K, 8% used [0x00000006c1200000,0x00000006c2124250,0x00000006cbd00000)
 Metaspace       used 20844K, capacity 21082K, committed 21248K, reserved 1067008K
  class space    used 2640K, capacity 2727K, committed 2816K, reserved 1048576K
Event: 2.430 GC heap after
Heap after GC invocations=4 (full 1):
 PSYoungGen      total 141824K, used 0K [0x000000076b100000, 0x000000077c600000, 0x00000007c0000000)
  eden space 131072K, 0% used [0x000000076b100000,0x000000076b100000,0x0000000773100000)
  from space 10752K, 0% used [0x0000000773100000,0x0000000773100000,0x0000000773b80000)
  to   space 10752K, 0% used [0x000000077bb80000,0x000000077bb80000,0x000000077c600000)
 ParOldGen       total 136192K, used 17711K [0x00000006c1200000, 0x00000006c9700000, 0x000000076b100000)
  object space 136192K, 13% used [0x00000006c1200000,0x00000006c234bcc8,0x00000006c9700000)
 Metaspace       used 20844K, capacity 21082K, committed 21248K, reserved 1067008K
  class space    used 2640K, capacity 2727K, committed 2816K, reserved 1048576K
}

Deoptimization events (10 events):
Event: 1.994 Thread 0x000002747b457800 Uncommon trap: reason=unstable_if action=reinterpret pc=0x00000274009d8178 method=java.util.HashMap.computeIfAbsent(Ljava/lang/Object;Ljava/util/function/Function;)Ljava/lang/Object; @ 44
Event: 2.170 Thread 0x000002747b457800 Uncommon trap: reason=unstable_if action=reinterpret pc=0x00000274006f6048 method=java.util.concurrent.ConcurrentHashMap.putVal(Ljava/lang/Object;Ljava/lang/Object;Z)Ljava/lang/Object; @ 181
Event: 2.331 Thread 0x000002747b457800 Uncommon trap: reason=unstable_if action=reinterpret pc=0x0000027400b80c5c method=org.eclipse.emf.common.notify.impl.NotifierImpl.eAdapters()Lorg/eclipse/emf/common/util/EList; @ 4
Event: 2.341 Thread 0x000002747b457800 Uncommon trap: reason=unstable_if action=reinterpret pc=0x0000027400b7d314 method=org.eclipse.emf.common.notify.impl.BasicNotifierImpl$EAdapterList.getAdapterForType(Ljava/lang/Object;)Lorg/eclipse/emf/common/notify/Adapter; @ 50
Event: 2.348 Thread 0x000002747b457800 Uncommon trap: reason=unstable_if action=reinterpret pc=0x0000027400b859f8 method=org.eclipse.emf.common.notify.impl.BasicNotifierImpl$EAdapterList.getAdapterForType(Ljava/lang/Object;)Lorg/eclipse/emf/common/notify/Adapter; @ 50
Event: 2.545 Thread 0x000002747b457800 Uncommon trap: reason=unstable_if action=reinterpret pc=0x0000027400b91894 method=org.uqbar.project.wollok.wollokDsl.impl.WMemberFeatureCallImpl.eIsSet(I)Z @ 104
Event: 2.584 Thread 0x000002747b457800 Uncommon trap: reason=unstable_if action=reinterpret pc=0x0000027400c1a7b8 method=java.io.WinNTFileSystem.normalize(Ljava/lang/String;)Ljava/lang/String; @ 49
Event: 2.609 Thread 0x000002747b457800 Uncommon trap: reason=predicate action=maybe_recompile pc=0x000002740063b1b0 method=java.lang.String.regionMatches(ZILjava/lang/String;II)Z @ 63
Event: 2.703 Thread 0x000002747b457800 Uncommon trap: reason=unstable_if action=reinterpret pc=0x00000274003cff9c method=java.lang.ThreadLocal$ThreadLocalMap.getEntry(Ljava/lang/ThreadLocal;)Ljava/lang/ThreadLocal$ThreadLocalMap$Entry; @ 29
Event: 2.703 Thread 0x000002747b457800 Uncommon trap: reason=unstable_if action=reinterpret pc=0x00000274003d042c method=java.lang.ThreadLocal$ThreadLocalMap.getEntry(Ljava/lang/ThreadLocal;)Ljava/lang/ThreadLocal$ThreadLocalMap$Entry; @ 29

Classes redefined (0 events):
No events

Internal exceptions (10 events):
Event: 2.459 Thread 0x000002747b457800 Exception <a 'java/lang/reflect/InvocationTargetException'> (0x000000076b1fc518) thrown at [J:\jenkins\tmp\workspace\build\src\hotspot\src\share\vm\runtime\reflection.cpp, line 1092]
Event: 2.460 Thread 0x000002747b457800 Exception <a 'java/lang/reflect/InvocationTargetException'> (0x000000076b215100) thrown at [J:\jenkins\tmp\workspace\build\src\hotspot\src\share\vm\runtime\reflection.cpp, line 1092]
Event: 2.465 Thread 0x000002747b457800 Exception <a 'java/lang/reflect/InvocationTargetException'> (0x000000076b24fd50) thrown at [J:\jenkins\tmp\workspace\build\src\hotspot\src\share\vm\runtime\reflection.cpp, line 1092]
Event: 2.467 Thread 0x000002747b457800 Exception <a 'java/lang/reflect/InvocationTargetException'> (0x000000076b26b068) thrown at [J:\jenkins\tmp\workspace\build\src\hotspot\src\share\vm\runtime\reflection.cpp, line 1092]
Event: 2.739 Thread 0x000002747b457800 Exception <a 'java/security/PrivilegedActionException'> (0x000000076bfed218) thrown at [J:\jenkins\tmp\workspace\build\src\hotspot\src\share\vm\prims\jvm.cpp, line 1514]
Event: 2.739 Thread 0x000002747b457800 Exception <a 'java/security/PrivilegedActionException'> (0x000000076bfee748) thrown at [J:\jenkins\tmp\workspace\build\src\hotspot\src\share\vm\prims\jvm.cpp, line 1514]
Event: 2.739 Thread 0x000002747b457800 Exception <a 'java/security/PrivilegedActionException'> (0x000000076bfefb78) thrown at [J:\jenkins\tmp\workspace\build\src\hotspot\src\share\vm\prims\jvm.cpp, line 1514]
Event: 2.739 Thread 0x000002747b457800 Exception <a 'java/security/PrivilegedActionException'> (0x000000076bff1238) thrown at [J:\jenkins\tmp\workspace\build\src\hotspot\src\share\vm\prims\jvm.cpp, line 1514]
Event: 2.739 Thread 0x000002747b457800 Exception <a 'java/security/PrivilegedActionException'> (0x000000076bff2630) thrown at [J:\jenkins\tmp\workspace\build\src\hotspot\src\share\vm\prims\jvm.cpp, line 1514]
Event: 2.739 Thread 0x000002747b457800 Exception <a 'java/security/PrivilegedActionException'> (0x000000076bff39f8) thrown at [J:\jenkins\tmp\workspace\build\src\hotspot\src\share\vm\prims\jvm.cpp, line 1514]

Events (10 events):
Event: 2.760 loading class org/lwjgl/openal/ALCdevice
Event: 2.760 loading class org/lwjgl/openal/ALCdevice done
Event: 2.761 loading class org/lwjgl/openal/ALCcontext
Event: 2.761 loading class org/lwjgl/openal/ALCcontext done
Event: 2.761 loading class java/nio/DirectIntBufferU
Event: 2.762 loading class java/nio/DirectIntBufferU done
Event: 2.762 loading class org/lwjgl/openal/Util
Event: 2.762 loading class org/lwjgl/openal/Util done
Event: 2.762 loading class org/lwjgl/openal/OpenALException
Event: 2.762 loading class org/lwjgl/openal/OpenALException done


Dynamic libraries:
0x00007ff718490000 - 0x00007ff7184d6000 	C:\Program Files\Eclipse Adoptium\jdk-8.0.382.5-hotspot\bin\javaw.exe
0x00007ffbefab0000 - 0x00007ffbefca7000 	C:\WINDOWS\SYSTEM32\ntdll.dll
0x00007ffbef950000 - 0x00007ffbefa0d000 	C:\WINDOWS\System32\KERNEL32.DLL
0x00007ffbed190000 - 0x00007ffbed486000 	C:\WINDOWS\System32\KERNELBASE.dll
0x00007ffbef1b0000 - 0x00007ffbef25e000 	C:\WINDOWS\System32\ADVAPI32.dll
0x00007ffbee060000 - 0x00007ffbee0fe000 	C:\WINDOWS\System32\msvcrt.dll
0x00007ffbef8b0000 - 0x00007ffbef94c000 	C:\WINDOWS\System32\sechost.dll
0x00007ffbedb10000 - 0x00007ffbedc36000 	C:\WINDOWS\System32\RPCRT4.dll
0x00007ffbedd20000 - 0x00007ffbedebe000 	C:\WINDOWS\System32\USER32.dll
0x00007ffbed640000 - 0x00007ffbed662000 	C:\WINDOWS\System32\win32u.dll
0x00007ffbee110000 - 0x00007ffbee13c000 	C:\WINDOWS\System32\GDI32.dll
0x00007ffbed520000 - 0x00007ffbed63a000 	C:\WINDOWS\System32\gdi32full.dll
0x00007ffbed7c0000 - 0x00007ffbed85d000 	C:\WINDOWS\System32\msvcp_win.dll
0x00007ffbed670000 - 0x00007ffbed770000 	C:\WINDOWS\System32\ucrtbase.dll
0x00007ffbd8090000 - 0x00007ffbd832a000 	C:\WINDOWS\WinSxS\amd64_microsoft.windows.common-controls_6595b64144ccf1df_6.0.19041.3570_none_60bb2a3971f3e41a\COMCTL32.dll
0x00007ffbeeac0000 - 0x00007ffbeeaf0000 	C:\WINDOWS\System32\IMM32.DLL
0x00007ffbe5670000 - 0x00007ffbe5685000 	C:\Program Files\Eclipse Adoptium\jdk-8.0.382.5-hotspot\jre\bin\vcruntime140.dll
0x00007ffbe0210000 - 0x00007ffbe02ab000 	C:\Program Files\Eclipse Adoptium\jdk-8.0.382.5-hotspot\jre\bin\msvcp140.dll
0x000000005f4f0000 - 0x000000005fd48000 	C:\Program Files\Eclipse Adoptium\jdk-8.0.382.5-hotspot\jre\bin\server\jvm.dll
0x00007ffbeebd0000 - 0x00007ffbeebd8000 	C:\WINDOWS\System32\PSAPI.DLL
0x00007ffbe41f0000 - 0x00007ffbe4217000 	C:\WINDOWS\SYSTEM32\WINMM.dll
0x00007ffbde6f0000 - 0x00007ffbde6f9000 	C:\WINDOWS\SYSTEM32\WSOCK32.dll
0x00007ffbe79d0000 - 0x00007ffbe79da000 	C:\WINDOWS\SYSTEM32\VERSION.dll
0x00007ffbeeaf0000 - 0x00007ffbeeb5b000 	C:\WINDOWS\System32\WS2_32.dll
0x00007ffbeb050000 - 0x00007ffbeb062000 	C:\WINDOWS\SYSTEM32\kernel.appcore.dll
0x00007ffbe8e30000 - 0x00007ffbe8e40000 	C:\Program Files\Eclipse Adoptium\jdk-8.0.382.5-hotspot\jre\bin\verify.dll
0x00007ffbe1ef0000 - 0x00007ffbe1f1b000 	C:\Program Files\Eclipse Adoptium\jdk-8.0.382.5-hotspot\jre\bin\java.dll
0x00007ffbe84c0000 - 0x00007ffbe84d8000 	C:\Program Files\Eclipse Adoptium\jdk-8.0.382.5-hotspot\jre\bin\zip.dll
0x00007ffbee2f0000 - 0x00007ffbeea34000 	C:\WINDOWS\System32\SHELL32.dll
0x00007ffbeb250000 - 0x00007ffbeb9eb000 	C:\WINDOWS\SYSTEM32\windows.storage.dll
0x00007ffbeedd0000 - 0x00007ffbef124000 	C:\WINDOWS\System32\combase.dll
0x00007ffbecbd0000 - 0x00007ffbecbfd000 	C:\WINDOWS\SYSTEM32\Wldp.dll
0x00007ffbef390000 - 0x00007ffbef43d000 	C:\WINDOWS\System32\SHCORE.dll
0x00007ffbeeb60000 - 0x00007ffbeebb5000 	C:\WINDOWS\System32\shlwapi.dll
0x00007ffbed0c0000 - 0x00007ffbed0e5000 	C:\WINDOWS\SYSTEM32\profapi.dll
0x0000000065580000 - 0x0000000065616000 	C:\Users\user\AppData\Local\Temp\libgdxuser\12dfaa03\gdx64.dll
0x00007ffbecb20000 - 0x00007ffbecb38000 	C:\WINDOWS\SYSTEM32\CRYPTSP.dll
0x00007ffbec1d0000 - 0x00007ffbec204000 	C:\WINDOWS\system32\rsaenh.dll
0x00007ffbedae0000 - 0x00007ffbedb07000 	C:\WINDOWS\System32\bcrypt.dll
0x00007ffbed040000 - 0x00007ffbed06e000 	C:\WINDOWS\SYSTEM32\USERENV.dll
0x00007ffbed490000 - 0x00007ffbed512000 	C:\WINDOWS\System32\bcryptprimitives.dll
0x00007ffbecb40000 - 0x00007ffbecb4c000 	C:\WINDOWS\SYSTEM32\CRYPTBASE.dll
0x00007ffbe1f70000 - 0x00007ffbe1f8c000 	C:\Program Files\Eclipse Adoptium\jdk-8.0.382.5-hotspot\jre\bin\net.dll
0x00007ffbec930000 - 0x00007ffbec99a000 	C:\WINDOWS\system32\mswsock.dll
0x00007ffbec5d0000 - 0x00007ffbec60b000 	C:\WINDOWS\SYSTEM32\IPHLPAPI.DLL
0x00007ffbeebc0000 - 0x00007ffbeebc8000 	C:\WINDOWS\System32\NSI.dll
0x00007ffbe7ab0000 - 0x00007ffbe7ac7000 	C:\WINDOWS\SYSTEM32\dhcpcsvc6.DLL
0x00007ffbe7a20000 - 0x00007ffbe7a3d000 	C:\WINDOWS\SYSTEM32\dhcpcsvc.DLL
0x00007ffbec620000 - 0x00007ffbec6ea000 	C:\WINDOWS\SYSTEM32\DNSAPI.dll
0x00007ffbe1bb0000 - 0x00007ffbe1bc3000 	C:\Program Files\Eclipse Adoptium\jdk-8.0.382.5-hotspot\jre\bin\nio.dll
0x0000000180000000 - 0x0000000180053000 	C:\Users\user\AppData\Local\Temp\libgdxuser\dc0f0009\lwjgl64.dll
0x00007ffbc5f40000 - 0x00007ffbc6065000 	C:\WINDOWS\SYSTEM32\OPENGL32.dll
0x00007ffbe1610000 - 0x00007ffbe163c000 	C:\WINDOWS\SYSTEM32\GLU32.dll
0x000002741d900000 - 0x000002741d964000 	C:\Users\user\AppData\Local\Temp\libgdxuser\dc0f0009\OpenAL64.dll
0x00007ffbef260000 - 0x00007ffbef38b000 	C:\WINDOWS\System32\ole32.dll
0x00007ffbeab80000 - 0x00007ffbeac1e000 	C:\WINDOWS\system32\uxtheme.dll
0x00007ffbedf50000 - 0x00007ffbedff9000 	C:\WINDOWS\System32\clbcatq.dll
0x00007ffbc7fb0000 - 0x00007ffbc804c000 	C:\WINDOWS\SYSTEM32\dsound.dll
0x00007ffbd6f70000 - 0x00007ffbd6f96000 	C:\WINDOWS\SYSTEM32\winmmbase.dll
0x00007ffbec6f0000 - 0x00007ffbec73b000 	C:\WINDOWS\SYSTEM32\powrprof.dll
0x00007ffbec5b0000 - 0x00007ffbec5c2000 	C:\WINDOWS\SYSTEM32\UMPDC.dll
0x00007ffbe6090000 - 0x00007ffbe6115000 	C:\WINDOWS\System32\MMDevApi.dll
0x00007ffbecf20000 - 0x00007ffbecf53000 	C:\WINDOWS\System32\DEVOBJ.dll
0x00007ffbed770000 - 0x00007ffbed7be000 	C:\WINDOWS\System32\cfgmgr32.dll
0x00007ffbd5d80000 - 0x00007ffbd5f02000 	C:\WINDOWS\SYSTEM32\AUDIOSES.DLL
0x00007ffbeebe0000 - 0x00007ffbeecad000 	C:\WINDOWS\System32\OLEAUT32.dll
0x00007ffbe6880000 - 0x00007ffbe6a64000 	C:\WINDOWS\SYSTEM32\dbghelp.dll

VM Arguments:
jvm_args: -Duser.language=es_ES -Dfile.encoding=UTF-8 
java_command: org.uqbar.project.wollok.launch.WollokLauncher -requestsPort 0 -eventsPort 0 -folder -dontValidate -coercingStrategy decimals -wf src/juego.wpgm -darkMode
java_class_path (initial): C:\Users\user\git\2023-o-tpi-game-napuleones\bin;E:\UNIVERSIDAD\2023\PdP\WollokStuff\plugins\com.ibm.icu_64.2.0.v20190507-1337.jar;E:\UNIVERSIDAD\2023\PdP\WollokStuff\plugins\org.eclipse.xtext_2.20.0.v20191202-0915.jar;E:\UNIVERSIDAD\2023\PdP\WollokStuff\plugins\org.eclipse.emf.ecore.xmi_2.16.0.v20190528-0725.jar;E:\UNIVERSIDAD\2023\PdP\WollokStuff\plugins\org.eclipse.emf.ecore_2.20.0.v20190920-0401.jar;E:\UNIVERSIDAD\2023\PdP\WollokStuff\plugins\org.eclipse.emf.common_2.17.0.v20190920-0401.jar;E:\UNIVERSIDAD\2023\PdP\WollokStuff\plugins\org.antlr.runtime_3.2.0.v201101311130.jar;E:\UNIVERSIDAD\2023\PdP\WollokStuff\plugins\com.google.inject_3.0.0.v201605172100.jar;E:\UNIVERSIDAD\2023\PdP\WollokStuff\plugins\org.eclipse.emf.mwe.core_1.5.1.v20191121-1148.jar;E:\UNIVERSIDAD\2023\PdP\WollokStuff\plugins\org.apache.commons.cli_1.2.0.v201404270220.jar;E:\UNIVERSIDAD\2023\PdP\WollokStuff\plugins\org.eclipse.emf.mwe2.runtime_2.11.1.v20191121-1148.jar;E:\UNIVERSIDAD\2023\PdP\WollokStuff\plugins\org.eclipse.emf.mwe.utils_1.5.1.v20191121-1148.jar;E:\UNIVERSIDAD\2023\PdP\WollokStuff\plugins\org.eclipse.xtext.util_2.20.0.v20191202-0915.jar;E:\UNIVERSIDAD\2023\PdP\WollokStuff\plugins\com.google.guava_27.1.0.v20190517-1946.jar;E:\UNIVERSIDAD\2023\PdP\WollokStuff\plugins\javax.inject_1.0.0.v20091030.jar;E:\UNIVERSIDAD\2023\PdP\WollokStuff\plugins\org.eclipse.xtext.generator_2.20.0.v20191202-0933.jar;E:\UNIVERSIDAD\2023\PdP\WollokStuff\plugins\org.eclipse.xtext.xtext.generator_2.20.0.v20191202-0915.jar;E:\UNIVERSIDAD\2023\PdP\WollokStuff\plugins\org.eclipse.xtext.xbase.lib_2.20.0.v20191202-0907.jar;E:\UNIVERSIDAD\2023\PdP\WollokStuff\plugins\org.eclipse.emf.codegen.ecore_2.20.0.v20191012-0918.jar;E:\UNIVERSIDAD\2023\PdP\WollokStuff\plugins\org.eclipse.emf.codegen_2.19.0.v20190821-1536.jar;E:\UNIVERSIDAD\2023\PdP\WollokStuff\plugins\org.eclipse.xtend_2.2.0.v201605260315.jar;E:\UNIVERSIDAD\2023\PdP\WollokStuff\plugins\org.eclipse.xpand_2.2.0.v201605260315.j
Launcher Type: SUN_STANDARD

Environment Variables:
PATH=C:/Program Files/Eclipse Adoptium/jdk-8.0.382.5-hotspot/bin/../jre/bin/server;C:/Program Files/Eclipse Adoptium/jdk-8.0.382.5-hotspot/bin/../jre/bin;C:/Program Files/Eclipse Adoptium/jdk-8.0.382.5-hotspot/bin/../jre/lib/amd64;C:\Program Files\Eclipse Adoptium\jdk-8.0.382.5-hotspot\bin;C:\Program Files (x86)\NVIDIA Corporation\PhysX\Common;C:\Program Files (x86)\Common Files\Oracle\Java\javapath;C:\Program Files (x86)\Common Files\Intel\Shared Libraries\redist\intel64_win\compiler;C:\ProgramData\Oracle\Java\javapath;C:\Program Files (x86)\Common Files\Intel\Shared Libraries\redist\intel64\compiler;C:\WINDOWS\system32;C:\WINDOWS;C:\WINDOWS\System32\Wbem;C:\WINDOWS\System32\WindowsPowerShell\v1.0\;C:\WINDOWS\System32\OpenSSH\;E:\COSASPDP\Git\Git\cmd;C:\Program Files\dotnet\;E:\prolog\swipl\bin;C:\Users\user\AppData\Local\Microsoft\WindowsApps;E:\Algoritmos y estructura de datos\c++extensionvscode\w64devkit\bin;E:\Algoritmos y estructura de datos\visual studio\Microsoft VS Code\bin;E:\VSCODE\w64devkit\bin;;C:\ghcup\bin;E:\COSASPDP\ghcup\bin;E:\UNIVERSIDAD\2023\PdP\WollokStuff;
USERNAME=user
OS=Windows_NT
PROCESSOR_IDENTIFIER=AMD64 Family 23 Model 1 Stepping 1, AuthenticAMD



---------------  S Y S T E M  ---------------

OS: Windows 10 , 64 bit Build 19041 (10.0.19041.3570)

CPU:total 16 (initial active 16) (16 cores per cpu, 1 threads per core) family 23 model 1 stepping 1, cmov, cx8, fxsr, mmx, sse, sse2, sse3, ssse3, sse4.1, sse4.2, popcnt, avx, avx2, aes, clmul, mmxext, 3dnowpref, lzcnt, sse4a, tsc, tscinvbit, tscinv, bmi1

Memory: 4k page, physical 16703352k(8396308k free), swap 19980152k(2685468k free)

vm_info: OpenJDK 64-Bit Server VM (25.382-b05) for windows-amd64 JRE (1.8.0_382-b05), built on Jul 19 2023 15:37:29 by "jenkins" with MS VC++ 15.9 (VS2017)

time: Tue Oct 24 20:02:52 2023
timezone: Hora estándar de Argentina
elapsed time: 2.783065 seconds (0d 0h 0m 2s)

